kafe 2018-11-11 00:58:45,798 :: WARNING :: More than one Fit in the same Plot detected. In this case, axis labels default to `x` and `y` and must be set explicitly if something different is desired.
kafe 2018-11-11 00:59:46,309 :: WARNING :: More than one Fit in the same Plot detected. In this case, axis labels default to `x` and `y` and must be set explicitly if something different is desired.
kafe 2018-11-13 09:06:25,904 :: WARNING :: More than one Fit in the same Plot detected. In this case, axis labels default to `x` and `y` and must be set explicitly if something different is desired.
kafe 2018-11-13 09:09:23,840 :: WARNING :: More than one Fit in the same Plot detected. In this case, axis labels default to `x` and `y` and must be set explicitly if something different is desired.
kafe 2018-11-13 09:21:44,927 :: WARNING :: More than one Fit in the same Plot detected. In this case, axis labels default to `x` and `y` and must be set explicitly if something different is desired.
kafe 2018-11-13 09:53:50,060 :: WARNING :: More than one Fit in the same Plot detected. In this case, axis labels default to `x` and `y` and must be set explicitly if something different is desired.
kafe 2018-12-29 17:44:00,832 :: WARNING :: More than one Fit in the same Plot detected. In this case, axis labels default to `x` and `y` and must be set explicitly if something different is desired.
kafe 2018-12-29 17:44:28,697 :: WARNING :: More than one Fit in the same Plot detected. In this case, axis labels default to `x` and `y` and must be set explicitly if something different is desired.
kafe 2018-12-29 17:46:53,437 :: WARNING :: More than one Fit in the same Plot detected. In this case, axis labels default to `x` and `y` and must be set explicitly if something different is desired.
kafe 2018-12-29 21:52:20,404 :: WARNING :: More than one Fit in the same Plot detected. In this case, axis labels default to `x` and `y` and must be set explicitly if something different is desired.
kafe 2018-12-29 21:55:39,565 :: WARNING :: More than one Fit in the same Plot detected. In this case, axis labels default to `x` and `y` and must be set explicitly if something different is desired.
matplotlib.legend 2019-01-01 14:07:21,993 :: WARNING :: No handles with labels found to put in legend.
matplotlib.legend 2019-01-01 14:07:41,126 :: WARNING :: No handles with labels found to put in legend.
kafe 2019-01-04 19:03:51,246 :: WARNING :: Default values not provided for any parameters of function <Inverse_square>. Setting all default parameter values to 1.0.
matplotlib.legend 2019-01-04 23:05:26,118 :: WARNING :: No handles with labels found to put in legend.
matplotlib.legend 2019-01-04 23:05:43,141 :: WARNING :: No handles with labels found to put in legend.
matplotlib.legend 2019-01-04 23:05:54,994 :: WARNING :: No handles with labels found to put in legend.
matplotlib.legend 2019-01-04 23:06:05,114 :: WARNING :: No handles with labels found to put in legend.
matplotlib.legend 2019-01-04 23:20:39,835 :: WARNING :: No handles with labels found to put in legend.
kafe 2019-01-08 08:25:47,319 :: WARNING :: More than one Fit in the same Plot detected. In this case, axis labels default to `x` and `y` and must be set explicitly if something different is desired.
matplotlib.legend 2019-01-13 17:06:17,584 :: WARNING :: No handles with labels found to put in legend.
matplotlib.legend 2019-01-13 17:07:10,397 :: WARNING :: No handles with labels found to put in legend.
matplotlib.legend 2019-01-13 17:07:36,984 :: WARNING :: No handles with labels found to put in legend.
matplotlib.legend 2019-01-13 17:07:58,199 :: WARNING :: No handles with labels found to put in legend.
matplotlib.legend 2019-01-13 17:09:15,279 :: WARNING :: No handles with labels found to put in legend.
matplotlib.legend 2019-01-13 17:12:23,116 :: WARNING :: No handles with labels found to put in legend.
matplotlib.legend 2019-01-14 16:11:39,120 :: WARNING :: No handles with labels found to put in legend.
matplotlib.legend 2019-01-14 16:12:31,083 :: WARNING :: No handles with labels found to put in legend.
matplotlib.legend 2019-01-14 16:12:51,613 :: WARNING :: No handles with labels found to put in legend.
matplotlib.legend 2019-01-14 16:13:05,094 :: WARNING :: No handles with labels found to put in legend.
matplotlib.legend 2019-01-14 16:14:30,383 :: WARNING :: No handles with labels found to put in legend.
matplotlib.legend 2019-01-14 16:14:39,755 :: WARNING :: No handles with labels found to put in legend.
matplotlib.legend 2019-01-14 16:14:44,832 :: WARNING :: No handles with labels found to put in legend.
matplotlib.legend 2019-01-14 16:15:52,282 :: WARNING :: No handles with labels found to put in legend.
matplotlib.legend 2019-01-14 16:16:11,981 :: WARNING :: No handles with labels found to put in legend.
matplotlib.legend 2019-01-14 16:19:23,610 :: WARNING :: No handles with labels found to put in legend.
matplotlib.legend 2019-01-14 16:19:41,645 :: WARNING :: No handles with labels found to put in legend.
matplotlib.legend 2019-01-14 16:19:49,531 :: WARNING :: No handles with labels found to put in legend.
matplotlib.legend 2019-01-14 16:19:55,756 :: WARNING :: No handles with labels found to put in legend.
matplotlib.legend 2019-01-14 16:20:51,829 :: WARNING :: No handles with labels found to put in legend.
matplotlib.legend 2019-01-14 16:21:01,823 :: WARNING :: No handles with labels found to put in legend.
matplotlib.legend 2019-01-14 16:21:26,305 :: WARNING :: No handles with labels found to put in legend.
matplotlib.legend 2019-01-14 16:21:40,854 :: WARNING :: No handles with labels found to put in legend.
matplotlib.legend 2019-01-14 16:22:27,946 :: WARNING :: No handles with labels found to put in legend.
matplotlib.legend 2019-01-14 16:22:45,167 :: WARNING :: No handles with labels found to put in legend.
matplotlib.legend 2019-01-14 16:22:55,304 :: WARNING :: No handles with labels found to put in legend.
matplotlib.legend 2019-01-14 16:23:38,780 :: WARNING :: No handles with labels found to put in legend.
matplotlib.legend 2019-01-14 16:23:49,266 :: WARNING :: No handles with labels found to put in legend.
matplotlib.legend 2019-01-14 16:24:00,411 :: WARNING :: No handles with labels found to put in legend.
matplotlib.legend 2019-01-14 16:24:29,249 :: WARNING :: No handles with labels found to put in legend.
matplotlib.legend 2019-01-14 19:33:29,295 :: WARNING :: No handles with labels found to put in legend.
matplotlib.legend 2019-01-14 19:34:13,170 :: WARNING :: No handles with labels found to put in legend.
matplotlib.legend 2019-01-14 19:34:43,594 :: WARNING :: No handles with labels found to put in legend.
matplotlib.legend 2019-01-14 19:34:55,989 :: WARNING :: No handles with labels found to put in legend.
matplotlib.legend 2019-01-14 19:44:47,382 :: WARNING :: No handles with labels found to put in legend.
matplotlib.legend 2019-01-14 19:45:31,411 :: WARNING :: No handles with labels found to put in legend.
matplotlib.legend 2019-01-14 19:45:56,127 :: WARNING :: No handles with labels found to put in legend.
matplotlib.legend 2019-01-14 19:47:32,563 :: WARNING :: No handles with labels found to put in legend.
matplotlib.legend 2019-01-14 19:50:08,711 :: WARNING :: No handles with labels found to put in legend.
matplotlib.legend 2019-01-14 20:36:42,229 :: WARNING :: No handles with labels found to put in legend.
matplotlib.legend 2019-01-14 20:36:42,427 :: WARNING :: No handles with labels found to put in legend.
matplotlib.legend 2019-01-14 20:36:42,638 :: WARNING :: No handles with labels found to put in legend.
matplotlib.legend 2019-10-23 16:37:21,664 :: WARNING :: No handles with labels found to put in legend.
matplotlib.legend 2019-10-23 16:37:44,339 :: WARNING :: No handles with labels found to put in legend.
matplotlib.legend 2019-10-23 16:43:29,101 :: WARNING :: No handles with labels found to put in legend.
matplotlib.legend 2019-10-23 16:43:41,391 :: WARNING :: No handles with labels found to put in legend.
matplotlib.legend 2019-10-23 16:44:35,110 :: WARNING :: No handles with labels found to put in legend.
Plotting 2019-10-29 11:03:12,081 :: INFO :: Creating selected plots...
Plotting 2019-10-29 11:03:34,705 :: INFO :: Plotting initialized
Plotting 2019-10-29 11:03:40,592 :: INFO :: Plotting initialized
Plotting 2019-10-29 11:04:06,323 :: INFO :: Plotting initialized
Plotting 2019-10-29 11:04:17,400 :: INFO :: Plotting initialized
Plotting 2019-10-29 11:04:33,528 :: INFO :: Plotting initialized
Plotting 2019-10-29 11:05:18,454 :: INFO :: Plotting initialized
Plotting 2019-10-29 11:35:01,822 :: INFO :: Plotting initialized
Plotting 2019-10-29 11:35:18,097 :: INFO :: Plotting initialized
Plotting 2019-10-29 11:35:33,210 :: INFO :: Plotting initialized
Plotting 2019-10-29 11:35:48,454 :: INFO :: Plotting initialized
Plotting 2019-10-29 11:35:57,470 :: INFO :: Plotting initialized
Plotting 2019-10-29 11:36:10,371 :: INFO :: Plotting initialized
Plotting 2019-10-29 11:36:47,063 :: INFO :: Plotting initialized
Plotting 2019-10-29 11:37:26,872 :: INFO :: Plotting initialized
Plotting 2019-10-29 11:39:55,729 :: INFO :: Plotting initialized
Plotting 2019-10-29 13:07:19,855 :: INFO :: Plotting initialized
Plotting 2019-10-29 13:07:36,538 :: INFO :: Plotting initialized
Plotting 2019-10-29 13:07:50,256 :: INFO :: Plotting initialized
Plotting 2019-10-29 13:08:13,381 :: INFO :: Plotting initialized
Plotting 2019-10-29 13:08:53,946 :: INFO :: Plotting initialized
Plotting 2019-10-29 13:11:28,855 :: INFO :: Plotting initialized
Plotting 2019-10-29 13:11:47,288 :: INFO :: Plotting initialized
Plotting 2019-10-29 13:12:25,841 :: INFO :: Plotting initialized
Plotting 2019-10-29 13:15:39,548 :: INFO :: Plotting initialized
Plotting 2019-10-31 12:31:08,778 :: INFO :: Plotting initialized
Plotting 2019-10-31 12:44:55,233 :: INFO :: Plotting initialized
Plotting 2019-10-31 14:26:30,679 :: INFO :: Plotting initialized
Plotting 2019-10-31 15:38:04,912 :: INFO :: Plotting initialized
Root 2019-10-31 15:56:34,293 :: INFO :: Root utils initialized
Root 2019-10-31 15:57:03,567 :: INFO :: Root utils initialized
Root 2019-10-31 15:59:04,582 :: INFO :: Root utils initialized
Root 2019-10-31 16:00:10,608 :: INFO :: Root utils initialized
Root 2019-10-31 16:00:51,500 :: INFO :: Root utils initialized
Root 2019-10-31 16:01:14,477 :: INFO :: Root utils initialized
Root 2019-10-31 16:06:03,877 :: INFO :: Root utils initialized
Plotting 2019-11-28 16:08:33,851 :: INFO :: Plotting initialized
Plotting 2019-11-28 16:16:34,416 :: INFO :: Plotting initialized
Plotting 2019-11-28 16:18:04,255 :: INFO :: Plotting initialized
Plotting 2019-11-28 16:18:54,364 :: INFO :: Plotting initialized
Plotting 2019-11-28 16:19:21,051 :: INFO :: Plotting initialized
Plotting 2019-11-28 16:19:45,040 :: INFO :: Plotting initialized
Plotting 2019-11-28 16:19:53,665 :: INFO :: Plotting initialized
Plotting 2019-11-28 16:20:50,998 :: INFO :: Plotting initialized
Plotting 2019-11-28 16:20:55,298 :: INFO :: Plotting initialized
Plotting 2019-11-28 16:21:24,378 :: INFO :: Plotting initialized
Plotting 2019-11-28 16:22:29,369 :: INFO :: Plotting initialized
Plotting 2019-11-28 16:23:42,067 :: INFO :: Plotting initialized
Plotting 2019-11-28 16:28:12,697 :: INFO :: Plotting initialized
Plotting 2019-11-28 16:28:46,627 :: INFO :: Plotting initialized
Plotting 2019-11-28 16:29:08,709 :: INFO :: Plotting initialized
Plotting 2019-11-28 16:35:44,912 :: INFO :: Plotting initialized
Plotting 2019-11-28 16:39:01,757 :: INFO :: Plotting initialized
Plotting 2019-11-28 16:55:45,212 :: INFO :: Plotting initialized
Plotting 2019-11-28 16:58:28,295 :: INFO :: Plotting initialized
Plotting 2019-11-28 16:58:43,717 :: INFO :: Plotting initialized
Plotting 2019-11-28 20:52:58,255 :: INFO :: Plotting initialized
tornado.application 2019-11-28 20:52:59,259 :: ERROR :: Exception in callback functools.partial(<function Kernel.enter_eventloop.<locals>.advance_eventloop at 0x7f1574cd5f80>)
Traceback (most recent call last):
  File "/home/dcs/miniconda3/lib/python3.7/site-packages/tornado/ioloop.py", line 743, in _run_callback
    ret = callback()
  File "/home/dcs/miniconda3/lib/python3.7/site-packages/ipykernel/kernelbase.py", line 310, in advance_eventloop
    eventloop(self)
TypeError: 'NoneType' object is not callable
Plotting 2019-11-28 20:54:08,575 :: INFO :: Plotting initialized
tornado.application 2019-11-28 20:54:09,579 :: ERROR :: Exception in callback functools.partial(<function Kernel.enter_eventloop.<locals>.advance_eventloop at 0x7f98baec8560>)
Traceback (most recent call last):
  File "/home/dcs/miniconda3/lib/python3.7/site-packages/tornado/ioloop.py", line 743, in _run_callback
    ret = callback()
  File "/home/dcs/miniconda3/lib/python3.7/site-packages/ipykernel/kernelbase.py", line 310, in advance_eventloop
    eventloop(self)
TypeError: 'NoneType' object is not callable
Plotting 2019-11-28 20:57:08,218 :: INFO :: Plotting initialized
Plotting 2019-11-29 10:30:59,289 :: INFO :: Plotting initialized
tornado.application 2019-11-29 10:31:00,294 :: ERROR :: Exception in callback functools.partial(<function Kernel.enter_eventloop.<locals>.advance_eventloop at 0x7f4d546a59e0>)
Traceback (most recent call last):
  File "/home/dcs/miniconda3/lib/python3.7/site-packages/tornado/ioloop.py", line 743, in _run_callback
    ret = callback()
  File "/home/dcs/miniconda3/lib/python3.7/site-packages/ipykernel/kernelbase.py", line 310, in advance_eventloop
    eventloop(self)
TypeError: 'NoneType' object is not callable
Plotting 2019-11-29 10:31:39,680 :: INFO :: Plotting initialized
Plotting 2019-11-29 12:51:15,928 :: INFO :: Plotting initialized
Plotting 2019-11-29 12:51:22,309 :: INFO :: Plotting initialized
Plotting 2019-12-03 13:42:59,445 :: INFO :: Plotting initialized
tornado.application 2019-12-03 13:43:00,449 :: ERROR :: Exception in callback functools.partial(<function Kernel.enter_eventloop.<locals>.advance_eventloop at 0x7f1a24d3ef80>)
Traceback (most recent call last):
  File "/home/dcs/miniconda3/lib/python3.7/site-packages/tornado/ioloop.py", line 743, in _run_callback
    ret = callback()
  File "/home/dcs/miniconda3/lib/python3.7/site-packages/ipykernel/kernelbase.py", line 310, in advance_eventloop
    eventloop(self)
TypeError: 'NoneType' object is not callable
Plotting 2019-12-03 13:44:09,957 :: INFO :: Plotting initialized
Plotting 2019-12-03 13:44:58,549 :: INFO :: Plotting initialized
Plotting 2019-12-03 13:49:37,565 :: INFO :: Plotting initialized
Plotting 2019-12-03 13:54:07,783 :: INFO :: Plotting initialized
Plotting 2019-12-03 13:59:24,089 :: INFO :: Plotting initialized
Root 2019-12-13 20:09:09,790 :: INFO :: Root utils initialized
Plotting 2019-12-17 11:55:21,407 :: INFO :: Plotting initialized
Plotting 2019-12-17 11:57:20,688 :: INFO :: Plotting initialized
Plotting 2019-12-17 12:01:08,986 :: INFO :: Plotting initialized
Plotting 2019-12-17 12:01:16,259 :: INFO :: Plotting initialized
Plotting 2019-12-17 12:01:57,015 :: INFO :: Plotting initialized
Plotting 2019-12-17 12:02:15,015 :: INFO :: Plotting initialized
Plotting 2019-12-17 12:02:51,701 :: INFO :: Plotting initialized
Plotting 2019-12-17 12:03:16,197 :: INFO :: Plotting initialized
Plotting 2019-12-17 12:07:37,492 :: INFO :: Plotting initialized
Plotting 2019-12-17 12:12:40,487 :: INFO :: Plotting initialized
Plotting 2019-12-17 13:09:19,400 :: INFO :: Plotting initialized
Plotting 2019-12-17 13:09:33,770 :: INFO :: Plotting initialized
Plotting 2019-12-17 13:56:12,497 :: INFO :: Plotting initialized
tornado.application 2019-12-17 13:56:13,501 :: ERROR :: Exception in callback functools.partial(<function Kernel.enter_eventloop.<locals>.advance_eventloop at 0x7f65ac50ef80>)
Traceback (most recent call last):
  File "/home/dcs/miniconda3/lib/python3.7/site-packages/tornado/ioloop.py", line 743, in _run_callback
    ret = callback()
  File "/home/dcs/miniconda3/lib/python3.7/site-packages/ipykernel/kernelbase.py", line 310, in advance_eventloop
    eventloop(self)
TypeError: 'NoneType' object is not callable
Plotting 2019-12-17 13:56:21,445 :: INFO :: Plotting initialized
Plotting 2019-12-18 19:32:23,377 :: INFO :: Plotting initialized
Plotting 2020-01-03 12:21:06,050 :: INFO :: Plotting initialized
tornado.application 2020-01-03 12:21:07,054 :: ERROR :: Exception in callback functools.partial(<function Kernel.enter_eventloop.<locals>.advance_eventloop at 0x7fa374391f80>)
Traceback (most recent call last):
  File "/home/dcs/miniconda3/lib/python3.7/site-packages/tornado/ioloop.py", line 743, in _run_callback
    ret = callback()
  File "/home/dcs/miniconda3/lib/python3.7/site-packages/ipykernel/kernelbase.py", line 310, in advance_eventloop
    eventloop(self)
TypeError: 'NoneType' object is not callable
Plotting 2020-01-03 12:28:37,101 :: INFO :: Plotting initialized
Plotting 2020-01-03 12:30:33,029 :: INFO :: Plotting initialized
Plotting 2020-01-03 12:30:33,682 :: INFO :: Plotting initialized
Plotting 2020-01-03 13:41:15,259 :: INFO :: Plotting initialized
Plotting 2020-01-03 13:42:53,339 :: INFO :: Plotting initialized
Plotting 2020-01-03 13:43:47,828 :: INFO :: Plotting initialized
Plotting 2020-01-03 13:44:37,407 :: INFO :: Plotting initialized
Plotting 2020-01-03 13:45:28,380 :: INFO :: Plotting initialized
Plotting 2020-01-03 13:46:01,565 :: INFO :: Plotting initialized
Plotting 2020-01-03 13:46:16,833 :: INFO :: Plotting initialized
Plotting 2020-01-03 13:46:29,739 :: INFO :: Plotting initialized
Plotting 2020-01-13 13:46:27,562 :: INFO :: Plotting initialized
Plotting 2020-01-13 13:47:47,865 :: INFO :: Plotting initialized
Plotting 2020-01-13 13:48:03,644 :: INFO :: Plotting initialized
Plotting 2020-01-13 13:48:16,853 :: INFO :: Plotting initialized
Plotting 2020-01-13 13:48:34,713 :: INFO :: Plotting initialized
Plotting 2020-01-13 13:49:05,341 :: INFO :: Plotting initialized
Plotting 2020-01-13 13:49:45,216 :: INFO :: Plotting initialized
Plotting 2020-01-13 14:49:42,043 :: INFO :: Plotting initialized
Plotting 2020-01-13 16:55:16,708 :: INFO :: Plotting initialized
Plotting 2020-01-13 17:13:06,608 :: INFO :: Plotting initialized
Plotting 2020-01-13 17:13:25,034 :: INFO :: Plotting initialized
Plotting 2020-01-13 17:15:45,415 :: INFO :: Plotting initialized
Plotting 2020-01-13 17:17:25,216 :: INFO :: Plotting initialized
Plotting 2020-01-13 17:18:16,847 :: INFO :: Plotting initialized
Plotting 2020-01-13 17:18:45,011 :: INFO :: Plotting initialized
Plotting 2020-01-13 17:19:10,835 :: INFO :: Plotting initialized
Plotting 2020-01-13 17:19:37,873 :: INFO :: Plotting initialized
Plotting 2020-01-13 17:20:19,324 :: INFO :: Plotting initialized
Plotting 2020-01-13 17:21:21,586 :: INFO :: Plotting initialized
Plotting 2020-01-13 17:28:31,062 :: INFO :: Plotting initialized
Plotting 2020-01-13 17:28:57,829 :: INFO :: Plotting initialized
Plotting 2020-01-13 17:29:40,642 :: INFO :: Plotting initialized
Plotting 2020-01-13 17:30:10,407 :: INFO :: Plotting initialized
Plotting 2020-01-13 17:36:08,904 :: INFO :: Plotting initialized
Plotting 2020-01-13 17:36:20,507 :: INFO :: Plotting initialized
Plotting 2020-01-16 17:44:36,525 :: INFO :: Plotting initialized
Plotting 2020-01-16 17:45:03,664 :: INFO :: Plotting initialized
Plotting 2020-01-16 17:45:22,853 :: INFO :: Plotting initialized
Plotting 2020-01-16 17:46:28,821 :: INFO :: Plotting initialized
Plotting 2020-01-16 17:47:09,136 :: INFO :: Plotting initialized
matplotlib.category 2020-01-16 17:47:11,772 :: INFO :: Using categorical units to plot a list of strings that are all parsable as floats or dates. If these strings should be plotted as numbers, cast to the appropriate data type before plotting.
matplotlib.category 2020-01-16 17:47:11,774 :: INFO :: Using categorical units to plot a list of strings that are all parsable as floats or dates. If these strings should be plotted as numbers, cast to the appropriate data type before plotting.
Plotting 2020-01-16 17:47:29,028 :: INFO :: Plotting initialized
Plotting 2020-01-16 17:48:07,927 :: INFO :: Plotting initialized
matplotlib.legend 2020-01-16 17:48:10,400 :: WARNING :: No handles with labels found to put in legend.
Plotting 2020-01-16 17:48:24,899 :: INFO :: Plotting initialized
Plotting 2020-01-16 17:50:52,048 :: INFO :: Plotting initialized
Plotting 2020-01-16 17:51:03,403 :: INFO :: Plotting initialized
Plotting 2020-01-16 17:51:30,684 :: INFO :: Plotting initialized
Plotting 2020-01-16 17:53:16,708 :: INFO :: Plotting initialized
Plotting 2020-01-16 17:53:39,197 :: INFO :: Plotting initialized
Plotting 2020-01-16 17:54:31,788 :: INFO :: Plotting initialized
Plotting 2020-01-16 17:56:04,596 :: INFO :: Plotting initialized
Plotting 2020-01-16 17:56:28,301 :: INFO :: Plotting initialized
Plotting 2020-01-16 17:56:59,837 :: INFO :: Plotting initialized
Plotting 2020-01-16 17:57:23,993 :: INFO :: Plotting initialized
Plotting 2020-01-16 18:04:56,526 :: INFO :: Plotting initialized
Plotting 2020-01-16 18:05:49,347 :: INFO :: Plotting initialized
Plotting 2020-01-16 18:06:11,113 :: INFO :: Plotting initialized
Plotting 2020-01-16 18:06:35,127 :: INFO :: Plotting initialized
Plotting 2020-01-16 18:06:54,460 :: INFO :: Plotting initialized
Plotting 2020-01-16 18:07:54,345 :: INFO :: Plotting initialized
Plotting 2020-01-16 18:09:05,774 :: INFO :: Plotting initialized
Plotting 2020-01-16 18:11:09,087 :: INFO :: Plotting initialized
Plotting 2020-01-16 18:11:28,011 :: INFO :: Plotting initialized
Plotting 2020-01-16 18:12:06,084 :: INFO :: Plotting initialized
Plotting 2020-01-16 18:12:42,216 :: INFO :: Plotting initialized
Plotting 2020-01-16 18:14:15,027 :: INFO :: Plotting initialized
Plotting 2020-01-16 18:15:09,327 :: INFO :: Plotting initialized
Plotting 2020-01-16 18:15:22,417 :: INFO :: Plotting initialized
Plotting 2020-01-16 18:20:27,847 :: INFO :: Plotting initialized
Plotting 2020-01-16 18:21:31,117 :: INFO :: Plotting initialized
Plotting 2020-01-16 18:22:34,902 :: INFO :: Plotting initialized
Plotting 2020-01-16 18:23:24,104 :: INFO :: Plotting initialized
Plotting 2020-01-16 18:24:09,923 :: INFO :: Plotting initialized
Plotting 2020-01-16 18:29:50,376 :: INFO :: Plotting initialized
Plotting 2020-01-16 18:30:04,002 :: INFO :: Plotting initialized
Plotting 2020-01-16 18:30:21,560 :: INFO :: Plotting initialized
Plotting 2020-01-16 19:03:31,325 :: INFO :: Plotting initialized
Plotting 2020-01-16 19:04:39,456 :: INFO :: Plotting initialized
Plotting 2020-01-16 19:04:54,277 :: INFO :: Plotting initialized
Plotting 2020-01-16 19:05:12,071 :: INFO :: Plotting initialized
Plotting 2020-01-16 19:06:32,059 :: INFO :: Plotting initialized
Plotting 2020-01-16 19:06:43,928 :: INFO :: Plotting initialized
Plotting 2020-01-16 19:46:46,342 :: INFO :: Plotting initialized
Plotting 2020-01-16 19:48:22,135 :: INFO :: Plotting initialized
Plotting 2020-01-16 19:49:02,194 :: INFO :: Plotting initialized
Plotting 2020-01-16 19:49:11,964 :: INFO :: Plotting initialized
Plotting 2020-01-16 19:49:41,443 :: INFO :: Plotting initialized
Plotting 2020-01-16 19:49:48,219 :: INFO :: Plotting initialized
Plotting 2020-01-16 19:50:10,464 :: INFO :: Plotting initialized
Plotting 2020-01-16 19:50:24,066 :: INFO :: Plotting initialized
Plotting 2020-01-16 19:50:48,983 :: INFO :: Plotting initialized
Plotting 2020-01-16 19:52:19,131 :: INFO :: Plotting initialized
Plotting 2020-01-16 19:52:48,570 :: INFO :: Plotting initialized
Plotting 2020-01-16 19:53:27,883 :: INFO :: Plotting initialized
Plotting 2020-01-16 19:53:36,410 :: INFO :: Plotting initialized
Plotting 2020-01-16 19:56:47,424 :: INFO :: Plotting initialized
Plotting 2020-01-16 20:00:37,790 :: INFO :: Plotting initialized
Plotting 2020-01-16 20:01:12,783 :: INFO :: Plotting initialized
Plotting 2020-01-16 20:01:56,905 :: INFO :: Plotting initialized
Plotting 2020-01-16 20:03:06,883 :: INFO :: Plotting initialized
Plotting 2020-01-16 20:03:18,077 :: INFO :: Plotting initialized
Plotting 2020-01-16 20:08:07,400 :: INFO :: Plotting initialized
Plotting 2020-01-16 20:08:19,656 :: INFO :: Plotting initialized
Plotting 2020-01-16 20:08:37,379 :: INFO :: Plotting initialized
Plotting 2020-01-20 09:18:52,425 :: INFO :: Plotting initialized
Plotting 2020-01-20 09:22:50,179 :: INFO :: Plotting initialized
Plotting 2020-01-20 09:23:01,008 :: INFO :: Plotting initialized
Plotting 2020-01-20 09:23:51,796 :: INFO :: Plotting initialized
Plotting 2020-01-20 09:23:58,037 :: INFO :: Plotting initialized
Plotting 2020-01-20 09:25:23,185 :: INFO :: Plotting initialized
Plotting 2020-01-20 09:25:54,242 :: INFO :: Plotting initialized
Plotting 2020-01-20 09:26:26,000 :: INFO :: Plotting initialized
Plotting 2020-01-20 09:27:21,738 :: INFO :: Plotting initialized
Plotting 2020-01-20 15:41:09,317 :: INFO :: Plotting initialized
Plotting 2020-01-21 13:56:31,859 :: INFO :: Plotting initialized
Plotting 2020-01-21 13:56:53,344 :: INFO :: Plotting initialized
Plotting 2020-01-21 13:57:31,786 :: INFO :: Plotting initialized
Plotting 2020-01-21 13:57:54,567 :: INFO :: Plotting initialized
Plotting 2020-01-21 14:01:52,763 :: INFO :: Plotting initialized
Plotting 2020-01-21 18:31:17,018 :: INFO :: Plotting initialized
Plotting 2020-01-21 18:31:25,790 :: INFO :: Plotting initialized
Plotting 2020-01-21 18:31:32,680 :: INFO :: Plotting initialized
Plotting 2020-01-21 18:32:10,971 :: INFO :: Plotting initialized
Plotting 2020-01-21 18:39:17,807 :: INFO :: Plotting initialized
Plotting 2020-01-21 18:50:50,653 :: INFO :: Plotting initialized
Plotting 2020-01-21 18:51:06,621 :: INFO :: Plotting initialized
Plotting 2020-01-21 18:53:16,492 :: INFO :: Plotting initialized
Plotting 2020-01-21 18:53:28,135 :: INFO :: Plotting initialized
Plotting 2020-01-21 18:53:40,262 :: INFO :: Plotting initialized
Plotting 2020-01-21 18:54:27,978 :: INFO :: Plotting initialized
Plotting 2020-01-21 18:54:38,024 :: INFO :: Plotting initialized
Plotting 2020-01-21 18:55:35,823 :: INFO :: Plotting initialized
Plotting 2020-01-21 18:55:46,678 :: INFO :: Plotting initialized
Plotting 2020-01-21 19:01:11,273 :: INFO :: Plotting initialized
Plotting 2020-01-21 19:01:33,139 :: INFO :: Plotting initialized
Plotting 2020-01-21 19:32:00,238 :: INFO :: Plotting initialized
Plotting 2020-01-21 19:32:33,332 :: INFO :: Plotting initialized
Plotting 2020-01-21 19:37:44,643 :: INFO :: Plotting initialized
Plotting 2020-01-21 20:28:36,550 :: INFO :: Plotting initialized
Plotting 2020-01-21 20:29:15,779 :: INFO :: Plotting initialized
Plotting 2020-01-21 20:30:14,694 :: INFO :: Plotting initialized
Plotting 2020-01-21 20:30:33,513 :: INFO :: Plotting initialized
Plotting 2020-01-21 20:32:11,316 :: INFO :: Plotting initialized
Plotting 2020-01-21 20:32:42,229 :: INFO :: Plotting initialized
Plotting 2020-01-21 20:32:59,980 :: INFO :: Plotting initialized
Plotting 2020-01-21 20:34:00,671 :: INFO :: Plotting initialized
Plotting 2020-01-21 20:34:33,748 :: INFO :: Plotting initialized
Plotting 2020-01-21 20:35:16,638 :: INFO :: Plotting initialized
Plotting 2020-01-21 20:35:55,522 :: INFO :: Plotting initialized
Plotting 2020-01-21 20:36:24,648 :: INFO :: Plotting initialized
Plotting 2020-01-21 20:36:33,738 :: INFO :: Plotting initialized
Plotting 2020-01-21 20:36:57,959 :: INFO :: Plotting initialized
Plotting 2020-01-21 20:37:11,402 :: INFO :: Plotting initialized
Plotting 2020-01-21 20:38:15,886 :: INFO :: Plotting initialized
Plotting 2020-01-21 20:38:29,484 :: INFO :: Plotting initialized
Plotting 2020-01-21 20:38:41,814 :: INFO :: Plotting initialized
Plotting 2020-01-21 20:39:56,779 :: INFO :: Plotting initialized
Plotting 2020-01-21 20:40:02,625 :: INFO :: Plotting initialized
Plotting 2020-01-21 20:41:07,118 :: INFO :: Plotting initialized
Plotting 2020-01-21 20:53:51,087 :: INFO :: Plotting initialized
Plotting 2020-01-21 21:12:35,167 :: INFO :: Plotting initialized
Plotting 2020-01-21 21:13:07,734 :: INFO :: Plotting initialized
Plotting 2020-01-21 21:14:04,605 :: INFO :: Plotting initialized
Plotting 2020-01-21 21:14:20,762 :: INFO :: Plotting initialized
Plotting 2020-01-21 21:14:31,979 :: INFO :: Plotting initialized
Plotting 2020-01-21 21:15:03,415 :: INFO :: Plotting initialized
Plotting 2020-01-21 21:15:10,173 :: INFO :: Plotting initialized
Plotting 2020-01-21 21:15:34,799 :: INFO :: Plotting initialized
Plotting 2020-01-21 21:17:09,926 :: INFO :: Plotting initialized
Plotting 2020-01-21 21:17:32,377 :: INFO :: Plotting initialized
Plotting 2020-01-22 10:36:09,847 :: INFO :: Plotting initialized
Plotting 2020-01-22 10:38:12,305 :: INFO :: Plotting initialized
Plotting 2020-01-22 10:38:32,213 :: INFO :: Plotting initialized
Plotting 2020-01-22 10:39:01,268 :: INFO :: Plotting initialized
Plotting 2020-01-22 10:40:44,508 :: INFO :: Plotting initialized
Plotting 2020-01-22 10:41:13,018 :: INFO :: Plotting initialized
Plotting 2020-01-22 10:43:40,399 :: INFO :: Plotting initialized
Plotting 2020-01-22 14:47:24,808 :: INFO :: Plotting initialized
Plotting 2020-01-22 14:48:12,843 :: INFO :: Plotting initialized
Plotting 2020-01-22 14:48:26,911 :: INFO :: Plotting initialized
Plotting 2020-01-22 14:48:41,108 :: INFO :: Plotting initialized
Plotting 2020-01-22 16:12:42,653 :: INFO :: Plotting initialized
Plotting 2020-01-22 16:13:14,867 :: INFO :: Plotting initialized
Plotting 2020-01-22 16:13:33,962 :: INFO :: Plotting initialized
Plotting 2020-01-22 16:16:20,168 :: INFO :: Plotting initialized
Plotting 2020-01-22 16:18:49,682 :: INFO :: Plotting initialized
Plotting 2020-01-22 16:19:38,647 :: INFO :: Plotting initialized
Plotting 2020-01-22 16:19:58,922 :: INFO :: Plotting initialized
Plotting 2020-03-02 14:34:16,633 :: INFO :: Plotting initialized
Plotting 2020-03-02 14:34:55,328 :: INFO :: Plotting initialized
Plotting 2020-03-02 14:35:17,747 :: INFO :: Plotting initialized
Plotting 2020-03-02 14:35:29,799 :: INFO :: Plotting initialized
Plotting 2020-03-02 16:25:07,807 :: INFO :: Plotting initialized
Plotting 2020-03-02 16:26:14,694 :: INFO :: Plotting initialized
Plotting 2020-03-02 16:26:46,547 :: INFO :: Plotting initialized
Plotting 2020-03-02 16:27:39,800 :: INFO :: Plotting initialized
Plotting 2020-03-02 16:27:56,658 :: INFO :: Plotting initialized
Plotting 2020-03-02 16:28:46,006 :: INFO :: Plotting initialized
Plotting 2020-03-02 16:29:58,720 :: INFO :: Plotting initialized
Plotting 2020-03-02 16:31:03,879 :: INFO :: Plotting initialized
Plotting 2020-03-02 16:31:24,875 :: INFO :: Plotting initialized
Plotting 2020-03-02 16:32:06,306 :: INFO :: Plotting initialized
Plotting 2020-03-02 16:32:27,923 :: INFO :: Plotting initialized
Plotting 2020-03-02 16:33:10,390 :: INFO :: Plotting initialized
Plotting 2020-03-02 16:33:36,258 :: INFO :: Plotting initialized
Plotting 2020-03-02 16:33:53,461 :: INFO :: Plotting initialized
Plotting 2020-03-02 16:34:07,565 :: INFO :: Plotting initialized
Plotting 2020-03-02 16:34:20,336 :: INFO :: Plotting initialized
Plotting 2020-03-02 16:34:30,035 :: INFO :: Plotting initialized
Plotting 2020-03-02 16:34:50,080 :: INFO :: Plotting initialized
Plotting 2020-03-02 16:35:03,679 :: INFO :: Plotting initialized
Plotting 2020-03-02 16:36:10,741 :: INFO :: Plotting initialized
matplotlib.legend 2020-03-02 16:36:13,233 :: WARNING :: No handles with labels found to put in legend.
Plotting 2020-03-02 16:38:54,220 :: INFO :: Plotting initialized
matplotlib.legend 2020-03-02 16:38:56,847 :: WARNING :: No handles with labels found to put in legend.
Plotting 2020-03-02 16:39:07,544 :: INFO :: Plotting initialized
matplotlib.legend 2020-03-02 16:39:10,048 :: WARNING :: No handles with labels found to put in legend.
Plotting 2020-03-02 16:39:34,876 :: INFO :: Plotting initialized
matplotlib.legend 2020-03-02 16:39:37,605 :: WARNING :: No handles with labels found to put in legend.
Plotting 2020-03-02 16:39:49,127 :: INFO :: Plotting initialized
matplotlib.legend 2020-03-02 16:39:51,599 :: WARNING :: No handles with labels found to put in legend.
Plotting 2020-03-02 16:40:00,473 :: INFO :: Plotting initialized
matplotlib.legend 2020-03-02 16:40:02,954 :: WARNING :: No handles with labels found to put in legend.
Plotting 2020-03-02 16:40:52,931 :: INFO :: Plotting initialized
matplotlib.legend 2020-03-02 16:40:55,349 :: WARNING :: No handles with labels found to put in legend.
Plotting 2020-03-02 16:41:06,358 :: INFO :: Plotting initialized
matplotlib.legend 2020-03-02 16:41:08,889 :: WARNING :: No handles with labels found to put in legend.
Plotting 2020-03-02 16:41:36,415 :: INFO :: Plotting initialized
Plotting 2020-03-02 16:41:54,608 :: INFO :: Plotting initialized
Plotting 2020-03-02 16:42:28,191 :: INFO :: Plotting initialized
Plotting 2020-03-02 16:43:07,693 :: INFO :: Plotting initialized
Plotting 2020-03-02 16:43:54,639 :: INFO :: Plotting initialized
Plotting 2020-03-03 08:10:52,040 :: INFO :: Plotting initialized
Plotting 2020-03-03 13:45:40,682 :: INFO :: Plotting initialized
Plotting 2020-03-03 13:46:00,684 :: INFO :: Plotting initialized
matplotlib.legend 2020-03-03 13:46:03,487 :: WARNING :: No handles with labels found to put in legend.
matplotlib.legend 2020-03-03 13:46:04,172 :: WARNING :: No handles with labels found to put in legend.
Plotting 2020-03-03 13:46:23,463 :: INFO :: Plotting initialized
Plotting 2020-03-03 13:46:41,356 :: INFO :: Plotting initialized
Plotting 2020-03-03 13:46:49,723 :: INFO :: Plotting initialized
Plotting 2020-03-03 13:47:17,249 :: INFO :: Plotting initialized
Plotting 2020-03-03 13:47:43,887 :: INFO :: Plotting initialized
Plotting 2020-03-03 13:47:56,924 :: INFO :: Plotting initialized
Plotting 2020-03-03 13:48:11,844 :: INFO :: Plotting initialized
Plotting 2020-03-03 14:50:23,255 :: INFO :: Plotting initialized
Plotting 2020-03-03 14:50:59,230 :: INFO :: Plotting initialized
Plotting 2020-03-03 15:42:25,093 :: INFO :: Plotting initialized
Plotting 2020-03-03 15:43:14,230 :: INFO :: Plotting initialized
Plotting 2020-03-03 15:43:24,674 :: INFO :: Plotting initialized
Plotting 2020-03-03 15:43:35,662 :: INFO :: Plotting initialized
Plotting 2020-03-03 15:43:54,401 :: INFO :: Plotting initialized
Plotting 2020-03-03 15:44:07,388 :: INFO :: Plotting initialized
Plotting 2020-03-03 15:44:19,764 :: INFO :: Plotting initialized
Plotting 2020-03-03 15:45:45,195 :: INFO :: Plotting initialized
Plotting 2020-03-03 15:46:02,940 :: INFO :: Plotting initialized
Plotting 2020-03-03 15:46:22,336 :: INFO :: Plotting initialized
Plotting 2020-03-03 15:47:11,388 :: INFO :: Plotting initialized
Plotting 2020-03-03 15:47:36,126 :: INFO :: Plotting initialized
Plotting 2020-03-03 15:48:06,003 :: INFO :: Plotting initialized
Plotting 2020-03-03 15:49:32,090 :: INFO :: Plotting initialized
Plotting 2020-03-03 16:00:36,454 :: INFO :: Plotting initialized
Plotting 2020-03-03 16:00:50,744 :: INFO :: Plotting initialized
Plotting 2020-03-03 16:03:23,964 :: INFO :: Plotting initialized
Plotting 2020-03-03 16:04:04,690 :: INFO :: Plotting initialized
Plotting 2020-03-03 16:04:47,603 :: INFO :: Plotting initialized
Plotting 2020-03-03 16:06:01,979 :: INFO :: Plotting initialized
Plotting 2020-03-03 16:06:08,875 :: INFO :: Plotting initialized
Plotting 2020-03-03 16:07:10,269 :: INFO :: Plotting initialized
Plotting 2020-03-03 16:08:16,953 :: INFO :: Plotting initialized
Plotting 2020-03-03 16:09:12,100 :: INFO :: Plotting initialized
Plotting 2020-03-03 16:09:30,137 :: INFO :: Plotting initialized
Plotting 2020-03-03 16:11:30,311 :: INFO :: Plotting initialized
Plotting 2020-03-03 16:11:58,193 :: INFO :: Plotting initialized
Plotting 2020-03-03 16:12:15,117 :: INFO :: Plotting initialized
Plotting 2020-03-03 16:12:47,982 :: INFO :: Plotting initialized
Plotting 2020-03-03 16:13:15,683 :: INFO :: Plotting initialized
Plotting 2020-03-03 16:15:53,005 :: INFO :: Plotting initialized
Plotting 2020-03-03 16:17:01,361 :: INFO :: Plotting initialized
Plotting 2020-03-03 16:17:33,225 :: INFO :: Plotting initialized
Plotting 2020-03-03 16:18:26,446 :: INFO :: Plotting initialized
Plotting 2020-03-03 16:18:43,726 :: INFO :: Plotting initialized
Plotting 2020-03-03 16:18:59,468 :: INFO :: Plotting initialized
Plotting 2020-03-03 16:19:10,120 :: INFO :: Plotting initialized
Plotting 2020-03-03 16:19:16,487 :: INFO :: Plotting initialized
Plotting 2020-03-03 16:55:44,020 :: INFO :: Plotting initialized
Plotting 2020-03-19 18:32:49,335 :: INFO :: Plotting initialized
Plotting 2020-03-19 18:33:17,420 :: INFO :: Plotting initialized
Plotting 2020-03-19 18:33:40,504 :: INFO :: Plotting initialized
Plotting 2020-03-19 18:34:25,464 :: INFO :: Plotting initialized
Plotting 2020-03-19 18:35:07,027 :: INFO :: Plotting initialized
Plotting 2020-03-19 18:35:22,006 :: INFO :: Plotting initialized
Plotting 2020-03-19 18:35:36,851 :: INFO :: Plotting initialized
Plotting 2020-03-19 18:36:23,133 :: INFO :: Plotting initialized
Plotting 2020-03-19 18:39:56,214 :: INFO :: Plotting initialized
Plotting 2020-03-19 18:41:22,057 :: INFO :: Plotting initialized
Plotting 2020-03-19 18:43:03,658 :: INFO :: Plotting initialized
Plotting 2020-03-19 18:45:35,622 :: INFO :: Plotting initialized
Plotting 2020-03-19 18:46:31,507 :: INFO :: Plotting initialized
Plotting 2020-03-19 18:46:56,724 :: INFO :: Plotting initialized
Plotting 2020-03-19 18:48:24,386 :: INFO :: Plotting initialized
Plotting 2020-03-19 18:49:07,529 :: INFO :: Plotting initialized
Plotting 2020-03-19 18:51:56,623 :: INFO :: Plotting initialized
Plotting 2020-03-19 18:53:17,927 :: INFO :: Plotting initialized
Plotting 2020-03-19 18:53:26,949 :: INFO :: Plotting initialized
Plotting 2020-03-19 18:53:52,193 :: INFO :: Plotting initialized
Plotting 2020-03-19 18:54:18,823 :: INFO :: Plotting initialized
Plotting 2020-03-19 18:54:39,898 :: INFO :: Plotting initialized
Plotting 2020-03-19 18:55:02,576 :: INFO :: Plotting initialized
Plotting 2020-03-19 18:55:20,243 :: INFO :: Plotting initialized
Plotting 2020-03-19 18:56:05,712 :: INFO :: Plotting initialized
Plotting 2020-03-19 18:56:13,218 :: INFO :: Plotting initialized
Plotting 2020-03-19 18:56:25,032 :: INFO :: Plotting initialized
Plotting 2020-03-19 18:58:10,128 :: INFO :: Plotting initialized
Plotting 2020-03-19 18:59:27,628 :: INFO :: Plotting initialized
Plotting 2020-03-19 19:00:04,458 :: INFO :: Plotting initialized
Plotting 2020-03-19 19:00:20,613 :: INFO :: Plotting initialized
Plotting 2020-03-19 19:00:44,537 :: INFO :: Plotting initialized
Plotting 2020-03-19 19:02:00,120 :: INFO :: Plotting initialized
Plotting 2020-03-19 19:02:24,883 :: INFO :: Plotting initialized
Plotting 2020-03-19 19:02:50,762 :: INFO :: Plotting initialized
Plotting 2020-03-19 19:04:21,570 :: INFO :: Plotting initialized
Plotting 2020-03-19 19:04:46,399 :: INFO :: Plotting initialized
Plotting 2020-03-19 19:04:57,979 :: INFO :: Plotting initialized
Plotting 2020-03-19 19:05:22,599 :: INFO :: Plotting initialized
Plotting 2020-03-19 19:09:51,133 :: INFO :: Plotting initialized
Plotting 2020-03-19 19:10:05,773 :: INFO :: Plotting initialized
Plotting 2020-03-19 19:10:56,702 :: INFO :: Plotting initialized
Plotting 2020-03-19 19:11:52,669 :: INFO :: Plotting initialized
Plotting 2020-03-19 19:12:28,324 :: INFO :: Plotting initialized
Plotting 2020-03-19 19:13:02,500 :: INFO :: Plotting initialized
Plotting 2020-03-19 19:13:13,957 :: INFO :: Plotting initialized
Plotting 2020-03-19 19:13:22,543 :: INFO :: Plotting initialized
Plotting 2020-03-19 19:13:34,536 :: INFO :: Plotting initialized
Plotting 2020-03-19 19:13:47,309 :: INFO :: Plotting initialized
Plotting 2020-03-19 19:13:58,812 :: INFO :: Plotting initialized
Plotting 2020-03-19 19:14:10,706 :: INFO :: Plotting initialized
Plotting 2020-03-19 19:14:22,789 :: INFO :: Plotting initialized
Plotting 2020-03-19 19:14:32,911 :: INFO :: Plotting initialized
Plotting 2020-03-19 19:14:38,449 :: INFO :: Plotting initialized
Plotting 2020-03-19 19:14:56,570 :: INFO :: Plotting initialized
Plotting 2020-03-19 19:15:13,130 :: INFO :: Plotting initialized
Plotting 2020-03-19 19:15:26,656 :: INFO :: Plotting initialized
Plotting 2020-03-19 19:15:33,818 :: INFO :: Plotting initialized
Plotting 2020-03-19 19:17:27,776 :: INFO :: Plotting initialized
Plotting 2020-03-19 19:19:01,522 :: INFO :: Plotting initialized
Plotting 2020-03-19 19:19:40,895 :: INFO :: Plotting initialized
Plotting 2020-03-19 19:19:48,852 :: INFO :: Plotting initialized
Plotting 2020-03-19 19:20:13,560 :: INFO :: Plotting initialized
Plotting 2020-03-19 19:20:37,998 :: INFO :: Plotting initialized
Plotting 2020-03-19 19:20:47,847 :: INFO :: Plotting initialized
Plotting 2020-03-19 19:21:52,915 :: INFO :: Plotting initialized
Plotting 2020-03-19 19:22:23,758 :: INFO :: Plotting initialized
Plotting 2020-03-19 19:23:52,655 :: INFO :: Plotting initialized
Plotting 2020-03-19 19:24:58,055 :: INFO :: Plotting initialized
Plotting 2020-03-20 19:05:13,190 :: INFO :: Plotting initialized
Plotting 2020-03-20 19:05:19,419 :: INFO :: Plotting initialized
Plotting 2020-03-20 20:33:22,568 :: INFO :: Plotting initialized
Plotting 2020-03-24 00:38:28,898 :: INFO :: Plotting initialized
Plotting 2020-03-24 00:39:27,944 :: INFO :: Plotting initialized
Plotting 2020-03-24 00:39:44,633 :: INFO :: Plotting initialized
Plotting 2020-03-24 00:40:16,787 :: INFO :: Plotting initialized
Plotting 2020-03-24 00:41:11,275 :: INFO :: Plotting initialized
Plotting 2020-03-24 00:43:34,423 :: INFO :: Plotting initialized
Plotting 2020-03-24 00:45:28,348 :: INFO :: Plotting initialized
Plotting 2020-03-24 00:46:17,879 :: INFO :: Plotting initialized
Plotting 2020-03-24 00:46:35,442 :: INFO :: Plotting initialized
Plotting 2020-03-24 00:48:14,696 :: INFO :: Plotting initialized
Plotting 2020-03-24 00:51:19,701 :: INFO :: Plotting initialized
Plotting 2020-03-24 00:57:24,649 :: INFO :: Plotting initialized
Plotting 2020-03-24 00:57:50,908 :: INFO :: Plotting initialized
Plotting 2020-03-24 00:59:27,840 :: INFO :: Plotting initialized
Plotting 2020-03-24 01:29:17,551 :: INFO :: Plotting initialized
Plotting 2020-03-24 01:29:38,689 :: INFO :: Plotting initialized
Plotting 2020-03-24 01:30:21,719 :: INFO :: Plotting initialized
Plotting 2020-03-24 01:30:30,859 :: INFO :: Plotting initialized
Plotting 2020-03-24 01:31:06,387 :: INFO :: Plotting initialized
Plotting 2020-03-24 01:31:36,323 :: INFO :: Plotting initialized
Plotting 2020-03-24 01:35:10,664 :: INFO :: Plotting initialized
Plotting 2020-03-24 01:38:17,148 :: INFO :: Plotting initialized
Plotting 2020-03-24 01:39:24,303 :: INFO :: Plotting initialized
Plotting 2020-03-24 01:40:11,455 :: INFO :: Plotting initialized
Plotting 2020-03-24 01:40:41,172 :: INFO :: Plotting initialized
Plotting 2020-03-24 01:41:06,235 :: INFO :: Plotting initialized
Plotting 2020-03-24 01:41:41,142 :: INFO :: Plotting initialized
Plotting 2020-03-24 01:42:07,557 :: INFO :: Plotting initialized
Plotting 2020-03-24 01:43:45,696 :: INFO :: Plotting initialized
Plotting 2020-03-24 01:45:16,578 :: INFO :: Plotting initialized
Plotting 2020-03-24 01:45:39,896 :: INFO :: Plotting initialized
Plotting 2020-03-24 01:46:05,324 :: INFO :: Plotting initialized
Plotting 2020-03-24 01:47:22,283 :: INFO :: Plotting initialized
Plotting 2020-03-24 01:48:38,618 :: INFO :: Plotting initialized
Plotting 2020-03-24 01:49:04,296 :: INFO :: Plotting initialized
Plotting 2020-03-24 01:50:29,020 :: INFO :: Plotting initialized
Plotting 2020-03-24 01:50:40,290 :: INFO :: Plotting initialized
Plotting 2020-03-24 01:51:56,413 :: INFO :: Plotting initialized
Plotting 2020-03-24 01:52:14,188 :: INFO :: Plotting initialized
Plotting 2020-03-24 01:55:35,219 :: INFO :: Plotting initialized
Plotting 2020-03-24 01:55:54,500 :: INFO :: Plotting initialized
Plotting 2020-03-24 01:56:05,165 :: INFO :: Plotting initialized
Plotting 2020-03-24 01:56:21,734 :: INFO :: Plotting initialized
Plotting 2020-03-24 01:57:02,921 :: INFO :: Plotting initialized
Plotting 2020-03-24 01:59:42,176 :: INFO :: Plotting initialized
Plotting 2020-03-24 02:04:49,906 :: INFO :: Plotting initialized
Plotting 2020-03-24 02:05:52,487 :: INFO :: Plotting initialized
Plotting 2020-03-24 02:06:27,924 :: INFO :: Plotting initialized
Plotting 2020-03-24 02:08:53,616 :: INFO :: Plotting initialized
Plotting 2020-03-24 02:09:42,118 :: INFO :: Plotting initialized
Plotting 2020-03-24 02:10:25,800 :: INFO :: Plotting initialized
Plotting 2020-03-24 02:10:46,544 :: INFO :: Plotting initialized
Plotting 2020-03-24 02:11:19,599 :: INFO :: Plotting initialized
Plotting 2020-03-24 02:12:37,513 :: INFO :: Plotting initialized
Plotting 2020-03-24 02:13:19,905 :: INFO :: Plotting initialized
Plotting 2020-03-24 02:14:02,838 :: INFO :: Plotting initialized
Plotting 2020-03-24 02:14:31,533 :: INFO :: Plotting initialized
Plotting 2020-03-24 02:16:05,164 :: INFO :: Plotting initialized
Plotting 2020-03-24 02:17:22,266 :: INFO :: Plotting initialized
Plotting 2020-03-24 02:17:58,523 :: INFO :: Plotting initialized
Plotting 2020-03-24 02:19:22,491 :: INFO :: Plotting initialized
Plotting 2020-03-24 02:20:23,972 :: INFO :: Plotting initialized
Plotting 2020-03-24 02:21:23,666 :: INFO :: Plotting initialized
Plotting 2020-03-24 02:21:40,389 :: INFO :: Plotting initialized
Plotting 2020-03-24 02:22:49,282 :: INFO :: Plotting initialized
Plotting 2020-03-24 02:24:42,884 :: INFO :: Plotting initialized
Plotting 2020-03-24 02:28:33,641 :: INFO :: Plotting initialized
Plotting 2020-03-24 02:29:54,933 :: INFO :: Plotting initialized
Plotting 2020-03-24 02:30:09,182 :: INFO :: Plotting initialized
Plotting 2020-03-24 02:30:18,610 :: INFO :: Plotting initialized
Plotting 2020-03-24 02:30:32,271 :: INFO :: Plotting initialized
Plotting 2020-03-24 02:31:06,805 :: INFO :: Plotting initialized
Plotting 2020-03-24 02:31:32,896 :: INFO :: Plotting initialized
Plotting 2020-03-24 02:31:49,165 :: INFO :: Plotting initialized
Plotting 2020-03-24 02:32:15,164 :: INFO :: Plotting initialized
Plotting 2020-03-24 02:32:31,393 :: INFO :: Plotting initialized
Plotting 2020-03-24 02:32:53,829 :: INFO :: Plotting initialized
Plotting 2020-03-24 02:33:03,319 :: INFO :: Plotting initialized
Plotting 2020-03-24 02:33:13,852 :: INFO :: Plotting initialized
Plotting 2020-03-24 02:33:25,386 :: INFO :: Plotting initialized
Plotting 2020-03-24 02:34:33,922 :: INFO :: Plotting initialized
matplotlib.legend 2020-03-24 02:34:36,438 :: WARNING :: No handles with labels found to put in legend.
matplotlib.legend 2020-03-24 02:34:36,783 :: WARNING :: No handles with labels found to put in legend.
Plotting 2020-03-24 02:34:42,520 :: INFO :: Plotting initialized
matplotlib.legend 2020-03-24 02:34:44,994 :: WARNING :: No handles with labels found to put in legend.
matplotlib.legend 2020-03-24 02:34:45,344 :: WARNING :: No handles with labels found to put in legend.
Plotting 2020-03-24 02:36:05,093 :: INFO :: Plotting initialized
matplotlib.legend 2020-03-24 02:36:07,808 :: WARNING :: No handles with labels found to put in legend.
matplotlib.legend 2020-03-24 02:36:08,206 :: WARNING :: No handles with labels found to put in legend.
matplotlib.legend 2020-03-24 02:36:08,603 :: WARNING :: No handles with labels found to put in legend.
matplotlib.legend 2020-03-24 02:36:08,952 :: WARNING :: No handles with labels found to put in legend.
Plotting 2020-03-24 02:36:31,835 :: INFO :: Plotting initialized
Plotting 2020-03-24 11:26:59,917 :: INFO :: Plotting initialized
Plotting 2020-03-24 11:27:19,254 :: INFO :: Plotting initialized
Plotting 2020-03-24 11:27:30,904 :: INFO :: Plotting initialized
Plotting 2020-03-24 11:28:10,810 :: INFO :: Plotting initialized
Plotting 2020-03-24 11:28:20,832 :: INFO :: Plotting initialized
Plotting 2020-03-24 11:28:31,786 :: INFO :: Plotting initialized
Plotting 2020-03-24 11:28:36,917 :: INFO :: Plotting initialized
Plotting 2020-03-24 11:29:37,444 :: INFO :: Plotting initialized
Plotting 2020-03-24 11:29:58,451 :: INFO :: Plotting initialized
Plotting 2020-03-24 11:30:21,531 :: INFO :: Plotting initialized
Plotting 2020-03-24 11:30:37,806 :: INFO :: Plotting initialized
Plotting 2020-03-24 11:31:10,128 :: INFO :: Plotting initialized
Plotting 2020-03-24 11:31:29,865 :: INFO :: Plotting initialized
Plotting 2020-03-24 11:31:41,508 :: INFO :: Plotting initialized
Plotting 2020-03-24 11:31:54,356 :: INFO :: Plotting initialized
Plotting 2020-03-24 11:33:58,486 :: INFO :: Plotting initialized
Plotting 2020-03-24 11:34:32,680 :: INFO :: Plotting initialized
Plotting 2020-03-24 11:34:41,259 :: INFO :: Plotting initialized
Plotting 2020-03-24 11:35:31,873 :: INFO :: Plotting initialized
Plotting 2020-03-24 11:35:47,836 :: INFO :: Plotting initialized
Plotting 2020-03-24 11:36:02,425 :: INFO :: Plotting initialized
Plotting 2020-03-24 11:36:23,259 :: INFO :: Plotting initialized
Plotting 2020-03-24 11:37:01,175 :: INFO :: Plotting initialized
Plotting 2020-03-24 11:37:19,808 :: INFO :: Plotting initialized
Plotting 2020-03-24 11:37:44,395 :: INFO :: Plotting initialized
Plotting 2020-03-24 11:38:00,547 :: INFO :: Plotting initialized
Plotting 2020-03-24 11:38:17,723 :: INFO :: Plotting initialized
Plotting 2020-03-24 11:38:30,332 :: INFO :: Plotting initialized
Plotting 2020-03-24 11:38:52,098 :: INFO :: Plotting initialized
Plotting 2020-03-24 11:39:17,373 :: INFO :: Plotting initialized
Plotting 2020-03-24 11:39:40,084 :: INFO :: Plotting initialized
Plotting 2020-03-24 11:39:56,980 :: INFO :: Plotting initialized
Plotting 2020-03-24 11:40:22,219 :: INFO :: Plotting initialized
Plotting 2020-03-24 11:40:40,760 :: INFO :: Plotting initialized
Plotting 2020-03-24 11:42:25,625 :: INFO :: Plotting initialized
Plotting 2020-03-24 11:42:45,250 :: INFO :: Plotting initialized
Plotting 2020-03-24 11:43:05,110 :: INFO :: Plotting initialized
Plotting 2020-03-24 11:43:23,078 :: INFO :: Plotting initialized
Plotting 2020-03-24 11:43:33,933 :: INFO :: Plotting initialized
Plotting 2020-03-24 11:44:10,500 :: INFO :: Plotting initialized
Plotting 2020-03-24 11:46:37,373 :: INFO :: Plotting initialized
Plotting 2020-03-24 11:47:20,504 :: INFO :: Plotting initialized
Plotting 2020-03-24 11:47:34,573 :: INFO :: Plotting initialized
Plotting 2020-03-24 11:47:45,447 :: INFO :: Plotting initialized
Plotting 2020-03-24 11:48:19,651 :: INFO :: Plotting initialized
Plotting 2020-03-24 11:48:40,295 :: INFO :: Plotting initialized
Plotting 2020-03-24 11:49:22,481 :: INFO :: Plotting initialized
Plotting 2020-03-24 11:49:51,705 :: INFO :: Plotting initialized
Plotting 2020-03-24 11:50:07,281 :: INFO :: Plotting initialized
Plotting 2020-03-24 11:50:23,586 :: INFO :: Plotting initialized
Plotting 2020-03-24 11:50:40,175 :: INFO :: Plotting initialized
Plotting 2020-03-24 11:51:14,580 :: INFO :: Plotting initialized
Plotting 2020-03-24 11:51:37,609 :: INFO :: Plotting initialized
Plotting 2020-03-24 11:52:17,619 :: INFO :: Plotting initialized
Plotting 2020-03-24 11:52:43,723 :: INFO :: Plotting initialized
Plotting 2020-03-24 11:52:56,780 :: INFO :: Plotting initialized
Plotting 2020-03-24 11:53:07,220 :: INFO :: Plotting initialized
Plotting 2020-03-24 11:53:54,498 :: INFO :: Plotting initialized
Plotting 2020-03-24 11:54:14,095 :: INFO :: Plotting initialized
Plotting 2020-03-24 11:54:33,391 :: INFO :: Plotting initialized
Plotting 2020-03-24 11:55:05,352 :: INFO :: Plotting initialized
Plotting 2020-03-24 11:55:22,351 :: INFO :: Plotting initialized
Plotting 2020-03-24 11:55:38,179 :: INFO :: Plotting initialized
Plotting 2020-03-24 11:55:57,081 :: INFO :: Plotting initialized
Plotting 2020-03-24 11:56:11,213 :: INFO :: Plotting initialized
Plotting 2020-03-24 11:56:24,809 :: INFO :: Plotting initialized
Plotting 2020-03-24 11:56:53,153 :: INFO :: Plotting initialized
Plotting 2020-03-24 11:57:43,694 :: INFO :: Plotting initialized
Plotting 2020-03-24 11:57:59,239 :: INFO :: Plotting initialized
Plotting 2020-03-24 11:58:17,406 :: INFO :: Plotting initialized
Plotting 2020-03-24 11:58:54,106 :: INFO :: Plotting initialized
Plotting 2020-03-24 11:59:03,053 :: INFO :: Plotting initialized
Plotting 2020-03-24 12:00:59,005 :: INFO :: Plotting initialized
Plotting 2020-03-24 12:01:34,787 :: INFO :: Plotting initialized
Plotting 2020-03-24 12:02:19,582 :: INFO :: Plotting initialized
Plotting 2020-03-24 12:02:31,658 :: INFO :: Plotting initialized
Plotting 2020-03-24 12:02:56,400 :: INFO :: Plotting initialized
Plotting 2020-03-24 12:03:07,732 :: INFO :: Plotting initialized
Plotting 2020-03-24 12:03:20,442 :: INFO :: Plotting initialized
Plotting 2020-03-24 12:03:35,090 :: INFO :: Plotting initialized
Plotting 2020-03-24 12:03:58,542 :: INFO :: Plotting initialized
Plotting 2020-03-24 12:04:18,395 :: INFO :: Plotting initialized
Plotting 2020-03-24 12:04:49,641 :: INFO :: Plotting initialized
Plotting 2020-03-24 12:05:02,113 :: INFO :: Plotting initialized
Plotting 2020-03-24 12:05:30,031 :: INFO :: Plotting initialized
Plotting 2020-03-24 12:05:42,816 :: INFO :: Plotting initialized
Plotting 2020-03-24 12:06:10,022 :: INFO :: Plotting initialized
Plotting 2020-03-24 12:06:25,124 :: INFO :: Plotting initialized
Plotting 2020-03-24 12:06:52,099 :: INFO :: Plotting initialized
Plotting 2020-03-24 12:08:15,307 :: INFO :: Plotting initialized
Plotting 2020-03-24 12:09:22,420 :: INFO :: Plotting initialized
Plotting 2020-03-24 12:09:40,298 :: INFO :: Plotting initialized
Plotting 2020-03-24 12:09:53,002 :: INFO :: Plotting initialized
Plotting 2020-03-24 12:10:13,508 :: INFO :: Plotting initialized
Plotting 2020-03-24 12:10:28,488 :: INFO :: Plotting initialized
Plotting 2020-03-24 12:11:47,320 :: INFO :: Plotting initialized
Plotting 2020-03-24 12:15:08,149 :: INFO :: Plotting initialized
Plotting 2020-03-24 12:37:51,045 :: INFO :: Plotting initialized
Plotting 2020-03-24 12:38:00,160 :: INFO :: Plotting initialized
Plotting 2020-03-24 12:38:10,523 :: INFO :: Plotting initialized
Plotting 2020-03-24 12:38:19,763 :: INFO :: Plotting initialized
Plotting 2020-03-24 12:38:34,174 :: INFO :: Plotting initialized
Plotting 2020-03-25 10:46:04,729 :: INFO :: Plotting initialized
Plotting 2020-03-25 10:48:00,580 :: INFO :: Plotting initialized
Plotting 2020-03-25 10:49:12,088 :: INFO :: Plotting initialized
Plotting 2020-03-25 10:50:27,005 :: INFO :: Plotting initialized
Plotting 2020-03-25 10:50:34,761 :: INFO :: Plotting initialized
Plotting 2020-03-25 10:50:43,495 :: INFO :: Plotting initialized
Plotting 2020-03-25 10:50:53,506 :: INFO :: Plotting initialized
Plotting 2020-03-25 10:50:59,506 :: INFO :: Plotting initialized
Plotting 2020-03-25 10:51:09,575 :: INFO :: Plotting initialized
Plotting 2020-03-25 10:51:27,151 :: INFO :: Plotting initialized
Plotting 2020-03-25 10:52:41,698 :: INFO :: Plotting initialized
Plotting 2020-03-25 10:52:46,615 :: INFO :: Plotting initialized
Plotting 2020-03-25 10:52:51,609 :: INFO :: Plotting initialized
Plotting 2020-03-25 10:52:56,521 :: INFO :: Plotting initialized
Plotting 2020-03-25 10:53:04,953 :: INFO :: Plotting initialized
Plotting 2020-03-25 10:53:14,247 :: INFO :: Plotting initialized
Plotting 2020-03-25 10:54:50,220 :: INFO :: Plotting initialized
Plotting 2020-03-25 10:55:02,025 :: INFO :: Plotting initialized
Plotting 2020-03-25 10:56:11,658 :: INFO :: Plotting initialized
Plotting 2020-04-01 17:20:24,106 :: INFO :: Plotting initialized
Plotting 2020-04-01 17:20:36,424 :: INFO :: Plotting initialized
Plotting 2020-04-01 17:20:51,501 :: INFO :: Plotting initialized
Plotting 2020-04-01 17:21:17,272 :: INFO :: Plotting initialized
Plotting 2020-04-01 17:21:51,388 :: INFO :: Plotting initialized
Plotting 2020-04-01 17:22:00,607 :: INFO :: Plotting initialized
Plotting 2020-04-01 17:22:23,531 :: INFO :: Plotting initialized
Plotting 2020-04-01 17:22:55,305 :: INFO :: Plotting initialized
Plotting 2020-04-01 17:23:25,619 :: INFO :: Plotting initialized
Plotting 2020-04-01 17:24:00,997 :: INFO :: Plotting initialized
Plotting 2020-04-01 17:24:18,540 :: INFO :: Plotting initialized
Plotting 2020-04-01 17:24:40,481 :: INFO :: Plotting initialized
Plotting 2020-04-01 17:26:36,380 :: INFO :: Plotting initialized
Plotting 2020-04-01 17:27:32,164 :: INFO :: Plotting initialized
Plotting 2020-04-01 17:27:44,556 :: INFO :: Plotting initialized
Plotting 2020-04-01 17:27:54,469 :: INFO :: Plotting initialized
Plotting 2020-04-01 17:28:08,905 :: INFO :: Plotting initialized
Plotting 2020-04-01 17:28:23,730 :: INFO :: Plotting initialized
Plotting 2020-04-01 17:28:34,975 :: INFO :: Plotting initialized
Plotting 2020-04-01 17:44:30,782 :: INFO :: Plotting initialized
Plotting 2020-04-01 17:44:47,503 :: INFO :: Plotting initialized
Plotting 2020-04-01 17:44:58,035 :: INFO :: Plotting initialized
Plotting 2020-04-01 17:45:05,325 :: INFO :: Plotting initialized
Plotting 2020-04-01 17:45:13,545 :: INFO :: Plotting initialized
Plotting 2020-04-01 17:45:19,267 :: INFO :: Plotting initialized
Plotting 2020-04-01 17:45:28,118 :: INFO :: Plotting initialized
Plotting 2020-04-01 17:45:49,052 :: INFO :: Plotting initialized
Plotting 2020-04-01 17:47:07,436 :: INFO :: Plotting initialized
Plotting 2020-04-01 17:48:04,599 :: INFO :: Plotting initialized
Plotting 2020-04-01 17:48:26,407 :: INFO :: Plotting initialized
Plotting 2020-04-01 17:50:00,374 :: INFO :: Plotting initialized
Plotting 2020-04-01 17:51:46,687 :: INFO :: Plotting initialized
Plotting 2020-04-01 17:54:00,100 :: INFO :: Plotting initialized
Plotting 2020-04-01 18:11:39,023 :: INFO :: Plotting initialized
Plotting 2020-04-01 18:15:00,647 :: INFO :: Plotting initialized
Plotting 2020-04-01 18:15:17,980 :: INFO :: Plotting initialized
matplotlib.animation 2020-04-01 18:15:19,924 :: INFO :: Animation.save using <class 'matplotlib.animation.ImageMagickWriter'>
matplotlib.animation 2020-04-01 18:15:19,924 :: INFO :: MovieWriter.run: running command: ['convert', '-size', '640x480', '-depth', '8', '-delay', '1.6666666666666667', '-loop', '0', 'rgba:-', 'celluloid_legends.gif']
Plotting 2020-04-01 18:15:58,537 :: INFO :: Plotting initialized
matplotlib.animation 2020-04-01 18:16:00,508 :: INFO :: Animation.save using <class 'matplotlib.animation.ImageMagickWriter'>
matplotlib.animation 2020-04-01 18:16:00,508 :: INFO :: MovieWriter.run: running command: ['convert', '-size', '640x480', '-depth', '8', '-delay', '1.6666666666666667', '-loop', '0', 'rgba:-', 'DCConverter/LTM8067EY-PBF/celluloid_legends.gif']
Plotting 2020-04-01 18:19:59,752 :: INFO :: Plotting initialized
matplotlib.animation 2020-04-01 18:20:01,610 :: INFO :: Animation.save using <class 'matplotlib.animation.ImageMagickWriter'>
matplotlib.animation 2020-04-01 18:20:01,610 :: INFO :: MovieWriter.run: running command: ['convert', '-size', '640x480', '-depth', '8', '-delay', '1.6666666666666667', '-loop', '0', 'rgba:-', 'DCConverter/LTM8067EY-PBF/celluloid_legends.gif']
Plotting 2020-04-01 18:25:18,611 :: INFO :: Plotting initialized
Plotting 2020-04-01 18:25:33,570 :: INFO :: Plotting initialized
Plotting 2020-04-01 18:25:57,931 :: INFO :: Plotting initialized
Plotting 2020-04-01 18:26:48,454 :: INFO :: Plotting initialized
matplotlib.animation 2020-04-01 18:26:52,804 :: INFO :: Animation.save using <class 'matplotlib.animation.ImageMagickWriter'>
matplotlib.animation 2020-04-01 18:26:52,805 :: INFO :: MovieWriter.run: running command: ['convert', '-size', '640x480', '-depth', '8', '-delay', '1.6666666666666667', '-loop', '0', 'rgba:-', 'DCConverter/LTM8067EY-PBF/celluloid_legends.gif']
matplotlib.animation 2020-04-01 18:26:52,931 :: WARNING :: MovieWriter stderr:
convert: unexpected end-of-file `-': No such file or directory @ error/rgb.c/ReadRGBImage/230.

Plotting 2020-04-01 18:27:39,159 :: INFO :: Plotting initialized
matplotlib.animation 2020-04-01 18:27:42,952 :: INFO :: Animation.save using <class 'matplotlib.animation.ImageMagickWriter'>
matplotlib.animation 2020-04-01 18:27:42,953 :: INFO :: MovieWriter.run: running command: ['convert', '-size', '640x480', '-depth', '8', '-delay', '1.6666666666666667', '-loop', '0', 'rgba:-', 'DCConverter/LTM8067EY-PBF/celluloid_legends.gif']
matplotlib.animation 2020-04-01 18:27:43,070 :: WARNING :: MovieWriter stderr:
convert: unexpected end-of-file `-': No such file or directory @ error/rgb.c/ReadRGBImage/230.

Plotting 2020-04-01 18:27:56,529 :: INFO :: Plotting initialized
matplotlib.animation 2020-04-01 18:28:00,236 :: INFO :: Animation.save using <class 'matplotlib.animation.ImageMagickWriter'>
matplotlib.animation 2020-04-01 18:28:00,236 :: INFO :: MovieWriter.run: running command: ['convert', '-size', '640x480', '-depth', '8', '-delay', '1.6666666666666667', '-loop', '0', 'rgba:-', 'DCConverter/LTM8067EY-PBF/celluloid_legends.gif']
matplotlib.animation 2020-04-01 18:28:00,360 :: WARNING :: MovieWriter stderr:
convert: unexpected end-of-file `-': No such file or directory @ error/rgb.c/ReadRGBImage/230.

Plotting 2020-04-01 18:28:12,905 :: INFO :: Plotting initialized
matplotlib.animation 2020-04-01 18:28:16,673 :: INFO :: Animation.save using <class 'matplotlib.animation.ImageMagickWriter'>
matplotlib.animation 2020-04-01 18:28:16,673 :: INFO :: MovieWriter.run: running command: ['convert', '-size', '640x480', '-depth', '8', '-delay', '1.6666666666666667', '-loop', '0', 'rgba:-', 'DCConverter/LTM8067EY-PBF/celluloid_legends.gif']
matplotlib.animation 2020-04-01 18:28:16,819 :: WARNING :: MovieWriter stderr:
convert: unexpected end-of-file `-': No such file or directory @ error/rgb.c/ReadRGBImage/230.

Plotting 2020-04-01 18:30:28,046 :: INFO :: Plotting initialized
matplotlib.animation 2020-04-01 18:30:31,601 :: INFO :: Animation.save using <class 'matplotlib.animation.ImageMagickWriter'>
matplotlib.animation 2020-04-01 18:30:31,601 :: INFO :: MovieWriter.run: running command: ['convert', '-size', '640x480', '-depth', '8', '-delay', '1.6666666666666667', '-loop', '0', 'rgba:-', 'DCConverter/LTM8067EY-PBF/celluloid_legends.gif']
Plotting 2020-04-01 18:31:42,688 :: INFO :: Plotting initialized
matplotlib.animation 2020-04-01 18:31:46,316 :: INFO :: Animation.save using <class 'matplotlib.animation.ImageMagickWriter'>
matplotlib.animation 2020-04-01 18:31:46,317 :: INFO :: MovieWriter.run: running command: ['convert', '-size', '640x480', '-depth', '8', '-delay', '1.6666666666666667', '-loop', '0', 'rgba:-', 'DCConverter/LTM8067EY-PBF/celluloid_legends.gif']
Plotting 2020-04-01 19:16:50,978 :: INFO :: Plotting initialized
matplotlib.animation 2020-04-01 19:16:54,546 :: INFO :: Animation.save using <class 'matplotlib.animation.ImageMagickWriter'>
matplotlib.animation 2020-04-01 19:16:54,546 :: INFO :: MovieWriter.run: running command: ['convert', '-size', '640x480', '-depth', '8', '-delay', '1.6666666666666667', '-loop', '0', 'rgba:-', 'DCConverter/LTM8067EY-PBF/celluloid_legends.gif']
Plotting 2020-04-01 19:17:40,775 :: INFO :: Plotting initialized
matplotlib.animation 2020-04-01 19:17:44,231 :: INFO :: Animation.save using <class 'matplotlib.animation.ImageMagickWriter'>
matplotlib.animation 2020-04-01 19:17:44,231 :: INFO :: MovieWriter.run: running command: ['convert', '-size', '640x480', '-depth', '8', '-delay', '1.6666666666666667', '-loop', '0', 'rgba:-', 'DCConverter/LTM8067EY-PBF/celluloid_legends.gif']
Plotting 2020-04-01 19:22:08,723 :: INFO :: Plotting initialized
matplotlib.animation 2020-04-01 19:22:12,088 :: INFO :: Animation.save using <class 'matplotlib.animation.ImageMagickWriter'>
matplotlib.animation 2020-04-01 19:22:12,088 :: INFO :: MovieWriter.run: running command: ['convert', '-size', '640x480', '-depth', '8', '-delay', '1.6666666666666667', '-loop', '0', 'rgba:-', 'DCConverter/LTM8067EY-PBF/celluloid_legends.gif']
Plotting 2020-04-01 19:23:08,733 :: INFO :: Plotting initialized
matplotlib.animation 2020-04-01 19:23:12,553 :: INFO :: Animation.save using <class 'matplotlib.animation.ImageMagickWriter'>
matplotlib.animation 2020-04-01 19:23:12,555 :: INFO :: MovieWriter.run: running command: ['convert', '-size', '640x480', '-depth', '8', '-delay', '1.6666666666666667', '-loop', '0', 'rgba:-', 'DCConverter/LTM8067EY-PBF/celluloid_legends.gif']
Plotting 2020-04-01 19:23:47,491 :: INFO :: Plotting initialized
matplotlib.animation 2020-04-01 19:23:51,235 :: INFO :: Animation.save using <class 'matplotlib.animation.ImageMagickWriter'>
matplotlib.animation 2020-04-01 19:23:51,235 :: INFO :: MovieWriter.run: running command: ['convert', '-size', '640x480', '-depth', '8', '-delay', '1.6666666666666667', '-loop', '0', 'rgba:-', 'DCConverter/LTM8067EY-PBF/celluloid_legends.gif']
Plotting 2020-04-01 19:24:50,430 :: INFO :: Plotting initialized
matplotlib.animation 2020-04-01 19:24:54,276 :: INFO :: Animation.save using <class 'matplotlib.animation.ImageMagickWriter'>
matplotlib.animation 2020-04-01 19:24:54,276 :: INFO :: MovieWriter.run: running command: ['convert', '-size', '640x480', '-depth', '8', '-delay', '1.6666666666666667', '-loop', '0', 'rgba:-', 'DCConverter/LTM8067EY-PBF/celluloid_legends.gif']
Plotting 2020-04-01 19:26:22,456 :: INFO :: Plotting initialized
matplotlib.animation 2020-04-01 19:26:26,287 :: INFO :: Animation.save using <class 'matplotlib.animation.ImageMagickWriter'>
matplotlib.animation 2020-04-01 19:26:26,287 :: INFO :: MovieWriter.run: running command: ['convert', '-size', '640x480', '-depth', '8', '-delay', '1.6666666666666667', '-loop', '0', 'rgba:-', 'DCConverter/LTM8067EY-PBF/celluloid_legends.gif']
Plotting 2020-04-01 19:30:11,443 :: INFO :: Plotting initialized
matplotlib.animation 2020-04-01 19:30:15,152 :: INFO :: Animation.save using <class 'matplotlib.animation.ImageMagickWriter'>
matplotlib.animation 2020-04-01 19:30:15,152 :: INFO :: MovieWriter.run: running command: ['convert', '-size', '640x480', '-depth', '8', '-delay', '1.6666666666666667', '-loop', '0', 'rgba:-', 'DCConverter/LTM8067EY-PBF/celluloid_legends.gif']
Plotting 2020-04-02 07:55:33,280 :: INFO :: Plotting initialized
matplotlib.animation 2020-04-02 07:55:36,802 :: INFO :: Animation.save using <class 'matplotlib.animation.ImageMagickWriter'>
matplotlib.animation 2020-04-02 07:55:36,802 :: INFO :: MovieWriter.run: running command: ['convert', '-size', '640x480', '-depth', '8', '-delay', '1.6666666666666667', '-loop', '0', 'rgba:-', 'DCConverter/LTM8067EY-PBF/celluloid_legends.gif']
Plotting 2020-04-02 07:58:37,880 :: INFO :: Plotting initialized
matplotlib.animation 2020-04-02 07:58:40,149 :: INFO :: Animation.save using <class 'matplotlib.animation.ImageMagickWriter'>
matplotlib.animation 2020-04-02 07:58:40,150 :: INFO :: MovieWriter.run: running command: ['convert', '-size', '640x480', '-depth', '8', '-delay', '1.6666666666666667', '-loop', '0', 'rgba:-', 'DCConverter/LTM8067EY-PBF/celluloid_legends.gif']
Plotting 2020-04-02 07:58:58,914 :: INFO :: Plotting initialized
matplotlib.animation 2020-04-02 07:59:01,322 :: INFO :: Animation.save using <class 'matplotlib.animation.ImageMagickWriter'>
matplotlib.animation 2020-04-02 07:59:01,323 :: INFO :: MovieWriter.run: running command: ['convert', '-size', '640x480', '-depth', '8', '-delay', '1.6666666666666667', '-loop', '0', 'rgba:-', 'DCConverter/LTM8067EY-PBF/celluloid_legends.gif']
Plotting 2020-04-02 07:59:23,411 :: INFO :: Plotting initialized
matplotlib.animation 2020-04-02 07:59:26,918 :: INFO :: Animation.save using <class 'matplotlib.animation.ImageMagickWriter'>
matplotlib.animation 2020-04-02 07:59:26,919 :: INFO :: MovieWriter.run: running command: ['convert', '-size', '640x480', '-depth', '8', '-delay', '1.6666666666666667', '-loop', '0', 'rgba:-', 'DCConverter/LTM8067EY-PBF/celluloid_legends.gif']
Plotting 2020-04-02 07:59:55,950 :: INFO :: Plotting initialized
matplotlib.animation 2020-04-02 07:59:59,485 :: INFO :: Animation.save using <class 'matplotlib.animation.ImageMagickWriter'>
matplotlib.animation 2020-04-02 07:59:59,486 :: INFO :: MovieWriter.run: running command: ['convert', '-size', '640x480', '-depth', '8', '-delay', '1.6666666666666667', '-loop', '0', 'rgba:-', 'DCConverter/LTM8067EY-PBF/celluloid_legends.gif']
Plotting 2020-04-02 08:01:32,936 :: INFO :: Plotting initialized
matplotlib.animation 2020-04-02 08:01:36,470 :: INFO :: Animation.save using <class 'matplotlib.animation.ImageMagickWriter'>
matplotlib.animation 2020-04-02 08:01:36,470 :: INFO :: MovieWriter.run: running command: ['convert', '-size', '640x480', '-depth', '8', '-delay', '1.6666666666666667', '-loop', '0', 'rgba:-', 'DCConverter/LTM8067EY-PBF/celluloid_legends.gif']
Plotting 2020-04-02 08:02:41,665 :: INFO :: Plotting initialized
matplotlib.animation 2020-04-02 08:02:43,767 :: INFO :: Animation.save using <class 'matplotlib.animation.ImageMagickWriter'>
matplotlib.animation 2020-04-02 08:02:43,768 :: INFO :: MovieWriter.run: running command: ['convert', '-size', '640x480', '-depth', '8', '-delay', '1.6666666666666667', '-loop', '0', 'rgba:-', 'DCConverter/LTM8067EY-PBF/celluloid_legends.gif']
Plotting 2020-04-02 08:03:06,041 :: INFO :: Plotting initialized
matplotlib.animation 2020-04-02 08:03:08,088 :: INFO :: Animation.save using <class 'matplotlib.animation.ImageMagickWriter'>
matplotlib.animation 2020-04-02 08:03:08,088 :: INFO :: MovieWriter.run: running command: ['convert', '-size', '640x480', '-depth', '8', '-delay', '1.6666666666666667', '-loop', '0', 'rgba:-', 'DCConverter/LTM8067EY-PBF/celluloid_legends.gif']
Plotting 2020-04-02 08:03:19,303 :: INFO :: Plotting initialized
matplotlib.animation 2020-04-02 08:03:23,503 :: INFO :: Animation.save using <class 'matplotlib.animation.ImageMagickWriter'>
matplotlib.animation 2020-04-02 08:03:23,504 :: INFO :: MovieWriter.run: running command: ['convert', '-size', '640x480', '-depth', '8', '-delay', '1.6666666666666667', '-loop', '0', 'rgba:-', 'DCConverter/LTM8067EY-PBF/celluloid_legends.gif']
Plotting 2020-04-02 08:03:45,416 :: INFO :: Plotting initialized
matplotlib.animation 2020-04-02 08:03:49,481 :: INFO :: Animation.save using <class 'matplotlib.animation.ImageMagickWriter'>
matplotlib.animation 2020-04-02 08:03:49,482 :: INFO :: MovieWriter.run: running command: ['convert', '-size', '640x480', '-depth', '8', '-delay', '1.0', '-loop', '0', 'rgba:-', 'DCConverter/LTM8067EY-PBF/celluloid_legends.gif']
Plotting 2020-04-02 08:03:59,719 :: INFO :: Plotting initialized
matplotlib.animation 2020-04-02 08:04:03,967 :: INFO :: Animation.save using <class 'matplotlib.animation.ImageMagickWriter'>
matplotlib.animation 2020-04-02 08:04:03,967 :: INFO :: MovieWriter.run: running command: ['convert', '-size', '640x480', '-depth', '8', '-delay', '5.0', '-loop', '0', 'rgba:-', 'DCConverter/LTM8067EY-PBF/celluloid_legends.gif']
Plotting 2020-04-02 08:04:16,697 :: INFO :: Plotting initialized
matplotlib.animation 2020-04-02 08:04:20,673 :: INFO :: Animation.save using <class 'matplotlib.animation.ImageMagickWriter'>
matplotlib.animation 2020-04-02 08:04:20,673 :: INFO :: MovieWriter.run: running command: ['convert', '-size', '640x480', '-depth', '8', '-delay', '50.0', '-loop', '0', 'rgba:-', 'DCConverter/LTM8067EY-PBF/celluloid_legends.gif']
Plotting 2020-04-02 08:05:08,395 :: INFO :: Plotting initialized
matplotlib.animation 2020-04-02 08:05:12,035 :: INFO :: Animation.save using <class 'matplotlib.animation.ImageMagickWriter'>
matplotlib.animation 2020-04-02 08:05:12,035 :: INFO :: MovieWriter.run: running command: ['convert', '-size', '640x480', '-depth', '8', '-delay', '50.0', '-loop', '0', 'rgba:-', 'DCConverter/LTM8067EY-PBF/celluloid_legends.gif']
Plotting 2020-04-02 08:05:52,149 :: INFO :: Plotting initialized
matplotlib.animation 2020-04-02 08:05:55,583 :: INFO :: Animation.save using <class 'matplotlib.animation.ImageMagickWriter'>
matplotlib.animation 2020-04-02 08:05:55,583 :: INFO :: MovieWriter.run: running command: ['convert', '-size', '640x480', '-depth', '8', '-delay', '50.0', '-loop', '0', 'rgba:-', 'DCConverter/LTM8067EY-PBF/celluloid_legends.gif']
Plotting 2020-04-02 08:06:12,482 :: INFO :: Plotting initialized
matplotlib.animation 2020-04-02 08:06:16,296 :: INFO :: Animation.save using <class 'matplotlib.animation.ImageMagickWriter'>
matplotlib.animation 2020-04-02 08:06:16,296 :: INFO :: MovieWriter.run: running command: ['convert', '-size', '640x480', '-depth', '8', '-delay', '50.0', '-loop', '0', 'rgba:-', 'DCConverter/LTM8067EY-PBF/celluloid_legends.gif']
Plotting 2020-04-02 08:06:23,324 :: INFO :: Plotting initialized
matplotlib.animation 2020-04-02 08:06:27,069 :: INFO :: Animation.save using <class 'matplotlib.animation.ImageMagickWriter'>
matplotlib.animation 2020-04-02 08:06:27,069 :: INFO :: MovieWriter.run: running command: ['convert', '-size', '640x480', '-depth', '8', '-delay', '50.0', '-loop', '0', 'rgba:-', 'DCConverter/LTM8067EY-PBF/celluloid_legends.gif']
Plotting 2020-04-02 08:07:23,146 :: INFO :: Plotting initialized
matplotlib.animation 2020-04-02 08:07:27,053 :: INFO :: Animation.save using <class 'matplotlib.animation.ImageMagickWriter'>
matplotlib.animation 2020-04-02 08:07:27,053 :: INFO :: MovieWriter.run: running command: ['convert', '-size', '640x480', '-depth', '8', '-delay', '100.0', '-loop', '0', 'rgba:-', 'DCConverter/LTM8067EY-PBF/celluloid_legends.gif']
Plotting 2020-04-02 08:08:01,204 :: INFO :: Plotting initialized
matplotlib.animation 2020-04-02 08:08:04,969 :: INFO :: Animation.save using <class 'matplotlib.animation.ImageMagickWriter'>
matplotlib.animation 2020-04-02 08:08:04,969 :: INFO :: MovieWriter.run: running command: ['convert', '-size', '640x480', '-depth', '8', '-delay', '50.0', '-loop', '0', 'rgba:-', 'DCConverter/LTM8067EY-PBF/celluloid_legends.gif']
Plotting 2020-04-02 08:26:48,465 :: INFO :: Plotting initialized
matplotlib.animation 2020-04-02 08:26:52,357 :: INFO :: Animation.save using <class 'matplotlib.animation.ImageMagickWriter'>
matplotlib.animation 2020-04-02 08:26:52,358 :: INFO :: MovieWriter.run: running command: ['convert', '-size', '640x480', '-depth', '8', '-delay', '50.0', '-loop', '0', 'rgba:-', 'DCConverter/LTM8067EY-PBF/celluloid_legends.gif']
Plotting 2020-04-02 08:27:55,999 :: INFO :: Plotting initialized
matplotlib.animation 2020-04-02 08:27:59,699 :: INFO :: Animation.save using <class 'matplotlib.animation.ImageMagickWriter'>
matplotlib.animation 2020-04-02 08:27:59,700 :: INFO :: MovieWriter.run: running command: ['convert', '-size', '640x480', '-depth', '8', '-delay', '50.0', '-loop', '0', 'rgba:-', 'DCConverter/LTM8067EY-PBF/celluloid_legends.gif']
Plotting 2020-04-02 08:28:34,018 :: INFO :: Plotting initialized
matplotlib.animation 2020-04-02 08:28:38,012 :: INFO :: Animation.save using <class 'matplotlib.animation.ImageMagickWriter'>
matplotlib.animation 2020-04-02 08:28:38,012 :: INFO :: MovieWriter.run: running command: ['convert', '-size', '640x480', '-depth', '8', '-delay', '50.0', '-loop', '0', 'rgba:-', 'DCConverter/LTM8067EY-PBF/celluloid_legends.gif']
Plotting 2020-04-02 08:29:16,527 :: INFO :: Plotting initialized
matplotlib.animation 2020-04-02 08:29:20,533 :: INFO :: Animation.save using <class 'matplotlib.animation.ImageMagickWriter'>
matplotlib.animation 2020-04-02 08:29:20,534 :: INFO :: MovieWriter.run: running command: ['convert', '-size', '640x480', '-depth', '8', '-delay', '50.0', '-loop', '0', 'rgba:-', 'DCConverter/LTM8067EY-PBF/celluloid_legends.gif']
Plotting 2020-04-02 08:32:35,887 :: INFO :: Plotting initialized
matplotlib.animation 2020-04-02 08:32:39,381 :: INFO :: Animation.save using <class 'matplotlib.animation.ImageMagickWriter'>
matplotlib.animation 2020-04-02 08:32:39,382 :: INFO :: MovieWriter.run: running command: ['convert', '-size', '640x480', '-depth', '8', '-delay', '50.0', '-loop', '0', 'rgba:-', 'DCConverter/LTM8067EY-PBF/celluloid_legends.gif']
Plotting 2020-04-02 08:35:22,079 :: INFO :: Plotting initialized
matplotlib.animation 2020-04-02 08:35:25,657 :: INFO :: Animation.save using <class 'matplotlib.animation.ImageMagickWriter'>
matplotlib.animation 2020-04-02 08:35:25,657 :: INFO :: MovieWriter.run: running command: ['convert', '-size', '640x480', '-depth', '8', '-delay', '50.0', '-loop', '0', 'rgba:-', 'DCConverter/LTM8067EY-PBF/celluloid_legends.gif']
Plotting 2020-04-02 08:36:11,341 :: INFO :: Plotting initialized
matplotlib.animation 2020-04-02 08:36:15,969 :: INFO :: Animation.save using <class 'matplotlib.animation.ImageMagickWriter'>
matplotlib.animation 2020-04-02 08:36:15,969 :: INFO :: MovieWriter.run: running command: ['convert', '-size', '640x480', '-depth', '8', '-delay', '50.0', '-loop', '0', 'rgba:-', 'DCConverter/LTM8067EY-PBF/celluloid_legends.gif']
Plotting 2020-04-02 08:38:22,961 :: INFO :: Plotting initialized
Plotting 2020-04-02 08:38:48,499 :: INFO :: Plotting initialized
matplotlib.animation 2020-04-02 08:38:52,323 :: INFO :: Animation.save using <class 'matplotlib.animation.ImageMagickWriter'>
matplotlib.animation 2020-04-02 08:38:52,324 :: INFO :: MovieWriter.run: running command: ['convert', '-size', '640x480', '-depth', '8', '-delay', '50.0', '-loop', '0', 'rgba:-', 'DCConverter/LTM8067EY-PBF/celluloid_legends.gif']
Plotting 2020-04-02 08:39:32,185 :: INFO :: Plotting initialized
matplotlib.animation 2020-04-02 08:39:35,051 :: INFO :: Animation.save using <class 'matplotlib.animation.ImageMagickWriter'>
matplotlib.animation 2020-04-02 08:39:35,051 :: INFO :: MovieWriter.run: running command: ['convert', '-size', '640x480', '-depth', '8', '-delay', '50.0', '-loop', '0', 'rgba:-', 'DCConverter/LTM8067EY-PBF/celluloid_legends.gif']
Plotting 2020-04-02 08:40:04,520 :: INFO :: Plotting initialized
matplotlib.animation 2020-04-02 08:40:08,507 :: INFO :: Animation.save using <class 'matplotlib.animation.ImageMagickWriter'>
matplotlib.animation 2020-04-02 08:40:08,507 :: INFO :: MovieWriter.run: running command: ['convert', '-size', '640x480', '-depth', '8', '-delay', '50.0', '-loop', '0', 'rgba:-', 'DCConverter/LTM8067EY-PBF/celluloid_legends.gif']
Plotting 2020-04-02 08:42:04,279 :: INFO :: Plotting initialized
matplotlib.animation 2020-04-02 08:42:08,165 :: INFO :: Animation.save using <class 'matplotlib.animation.ImageMagickWriter'>
matplotlib.animation 2020-04-02 08:42:08,165 :: INFO :: MovieWriter.run: running command: ['convert', '-size', '640x480', '-depth', '8', '-delay', '50.0', '-loop', '0', 'rgba:-', 'DCConverter/LTM8067EY-PBF/celluloid_legends.gif']
Plotting 2020-04-02 08:43:06,755 :: INFO :: Plotting initialized
matplotlib.animation 2020-04-02 08:43:10,988 :: INFO :: Animation.save using <class 'matplotlib.animation.ImageMagickWriter'>
matplotlib.animation 2020-04-02 08:43:10,989 :: INFO :: MovieWriter.run: running command: ['convert', '-size', '640x480', '-depth', '8', '-delay', '50.0', '-loop', '0', 'rgba:-', 'DCConverter/LTM8067EY-PBF/celluloid_legends.gif']
Plotting 2020-04-02 08:43:21,339 :: INFO :: Plotting initialized
matplotlib.animation 2020-04-02 08:43:25,106 :: INFO :: Animation.save using <class 'matplotlib.animation.ImageMagickWriter'>
matplotlib.animation 2020-04-02 08:43:25,106 :: INFO :: MovieWriter.run: running command: ['convert', '-size', '640x480', '-depth', '8', '-delay', '50.0', '-loop', '0', 'rgba:-', 'DCConverter/LTM8067EY-PBF/celluloid_legends.gif']
Plotting 2020-04-02 08:43:33,499 :: INFO :: Plotting initialized
matplotlib.animation 2020-04-02 08:43:37,297 :: INFO :: Animation.save using <class 'matplotlib.animation.ImageMagickWriter'>
matplotlib.animation 2020-04-02 08:43:37,298 :: INFO :: MovieWriter.run: running command: ['convert', '-size', '640x480', '-depth', '8', '-delay', '50.0', '-loop', '0', 'rgba:-', 'DCConverter/LTM8067EY-PBF/celluloid_legends.gif']
Plotting 2020-04-02 08:44:32,297 :: INFO :: Plotting initialized
matplotlib.animation 2020-04-02 08:44:36,969 :: INFO :: Animation.save using <class 'matplotlib.animation.ImageMagickWriter'>
matplotlib.animation 2020-04-02 08:44:36,970 :: INFO :: MovieWriter.run: running command: ['convert', '-size', '640x480', '-depth', '8', '-delay', '50.0', '-loop', '0', 'rgba:-', 'DCConverter/LTM8067EY-PBF/celluloid_legends.gif']
Plotting 2020-04-02 08:44:49,787 :: INFO :: Plotting initialized
matplotlib.animation 2020-04-02 08:44:54,288 :: INFO :: Animation.save using <class 'matplotlib.animation.ImageMagickWriter'>
matplotlib.animation 2020-04-02 08:44:54,289 :: INFO :: MovieWriter.run: running command: ['convert', '-size', '640x480', '-depth', '8', '-delay', '50.0', '-loop', '0', 'rgba:-', 'DCConverter/LTM8067EY-PBF/celluloid_legends.gif']
Plotting 2020-04-02 08:46:24,509 :: INFO :: Plotting initialized
Plotting 2020-04-02 08:46:31,097 :: INFO :: Plotting initialized
matplotlib.animation 2020-04-02 08:46:35,044 :: INFO :: Animation.save using <class 'matplotlib.animation.ImageMagickWriter'>
matplotlib.animation 2020-04-02 08:46:35,044 :: INFO :: MovieWriter.run: running command: ['convert', '-size', '640x480', '-depth', '8', '-delay', '50.0', '-loop', '0', 'rgba:-', 'DCConverter/LTM8067EY-PBF/celluloid_legends.gif']
Plotting 2020-04-02 08:47:09,953 :: INFO :: Plotting initialized
matplotlib.animation 2020-04-02 08:47:13,838 :: INFO :: Animation.save using <class 'matplotlib.animation.ImageMagickWriter'>
matplotlib.animation 2020-04-02 08:47:13,839 :: INFO :: MovieWriter.run: running command: ['convert', '-size', '640x480', '-depth', '8', '-delay', '50.0', '-loop', '0', 'rgba:-', 'DCConverter/LTM8067EY-PBF/celluloid_legends.gif']
Plotting 2020-04-02 08:47:28,476 :: INFO :: Plotting initialized
matplotlib.animation 2020-04-02 08:47:32,579 :: INFO :: Animation.save using <class 'matplotlib.animation.ImageMagickWriter'>
matplotlib.animation 2020-04-02 08:47:32,580 :: INFO :: MovieWriter.run: running command: ['convert', '-size', '640x480', '-depth', '8', '-delay', '50.0', '-loop', '0', 'rgba:-', 'DCConverter/LTM8067EY-PBF/celluloid_legends.gif']
Plotting 2020-04-02 08:48:29,484 :: INFO :: Plotting initialized
matplotlib.animation 2020-04-02 08:48:33,335 :: INFO :: Animation.save using <class 'matplotlib.animation.ImageMagickWriter'>
matplotlib.animation 2020-04-02 08:48:33,336 :: INFO :: MovieWriter.run: running command: ['convert', '-size', '640x480', '-depth', '8', '-delay', '50.0', '-loop', '0', 'rgba:-', 'DCConverter/LTM8067EY-PBF/celluloid_legends.gif']
Plotting 2020-04-02 08:48:48,946 :: INFO :: Plotting initialized
matplotlib.animation 2020-04-02 08:48:52,722 :: INFO :: Animation.save using <class 'matplotlib.animation.ImageMagickWriter'>
matplotlib.animation 2020-04-02 08:48:52,722 :: INFO :: MovieWriter.run: running command: ['convert', '-size', '640x480', '-depth', '8', '-delay', '50.0', '-loop', '0', 'rgba:-', 'DCConverter/LTM8067EY-PBF/celluloid_legends.gif']
Plotting 2020-04-02 08:49:10,408 :: INFO :: Plotting initialized
matplotlib.animation 2020-04-02 08:49:14,501 :: INFO :: Animation.save using <class 'matplotlib.animation.ImageMagickWriter'>
matplotlib.animation 2020-04-02 08:49:14,501 :: INFO :: MovieWriter.run: running command: ['convert', '-size', '640x480', '-depth', '8', '-delay', '50.0', '-loop', '0', 'rgba:-', 'DCConverter/LTM8067EY-PBF/celluloid_legends.gif']
Plotting 2020-04-02 08:50:50,235 :: INFO :: Plotting initialized
matplotlib.animation 2020-04-02 08:50:54,181 :: INFO :: Animation.save using <class 'matplotlib.animation.ImageMagickWriter'>
matplotlib.animation 2020-04-02 08:50:54,181 :: INFO :: MovieWriter.run: running command: ['convert', '-size', '640x480', '-depth', '8', '-delay', '50.0', '-loop', '0', 'rgba:-', 'DCConverter/LTM8067EY-PBF/celluloid_legends.gif']
Plotting 2020-04-02 08:51:38,389 :: INFO :: Plotting initialized
matplotlib.animation 2020-04-02 08:51:43,235 :: INFO :: Animation.save using <class 'matplotlib.animation.ImageMagickWriter'>
matplotlib.animation 2020-04-02 08:51:43,236 :: INFO :: MovieWriter.run: running command: ['convert', '-size', '640x480', '-depth', '8', '-delay', '50.0', '-loop', '0', 'rgba:-', 'DCConverter/LTM8067EY-PBF/celluloid_legends.gif']
Plotting 2020-04-02 08:52:08,928 :: INFO :: Plotting initialized
matplotlib.animation 2020-04-02 08:52:12,727 :: INFO :: Animation.save using <class 'matplotlib.animation.ImageMagickWriter'>
matplotlib.animation 2020-04-02 08:52:12,727 :: INFO :: MovieWriter.run: running command: ['convert', '-size', '640x480', '-depth', '8', '-delay', '50.0', '-loop', '0', 'rgba:-', 'DCConverter/LTM8067EY-PBF/celluloid_legends.gif']
Plotting 2020-04-02 08:52:43,340 :: INFO :: Plotting initialized
matplotlib.animation 2020-04-02 08:52:47,829 :: INFO :: Animation.save using <class 'matplotlib.animation.ImageMagickWriter'>
matplotlib.animation 2020-04-02 08:52:47,830 :: INFO :: MovieWriter.run: running command: ['convert', '-size', '640x480', '-depth', '8', '-delay', '50.0', '-loop', '0', 'rgba:-', 'DCConverter/LTM8067EY-PBF/celluloid_legends.gif']
Plotting 2020-04-02 08:53:13,692 :: INFO :: Plotting initialized
matplotlib.animation 2020-04-02 08:53:17,529 :: INFO :: Animation.save using <class 'matplotlib.animation.ImageMagickWriter'>
matplotlib.animation 2020-04-02 08:53:17,529 :: INFO :: MovieWriter.run: running command: ['convert', '-size', '640x480', '-depth', '8', '-delay', '50.0', '-loop', '0', 'rgba:-', 'DCConverter/LTM8067EY-PBF/celluloid_legends.gif']
Plotting 2020-04-02 08:54:13,676 :: INFO :: Plotting initialized
matplotlib.animation 2020-04-02 08:54:17,466 :: INFO :: Animation.save using <class 'matplotlib.animation.ImageMagickWriter'>
matplotlib.animation 2020-04-02 08:54:17,466 :: INFO :: MovieWriter.run: running command: ['convert', '-size', '640x480', '-depth', '8', '-delay', '100.0', '-loop', '0', 'rgba:-', 'DCConverter/LTM8067EY-PBF/celluloid_legends.gif']
Plotting 2020-04-02 08:54:29,243 :: INFO :: Plotting initialized
matplotlib.animation 2020-04-02 08:54:32,894 :: INFO :: Animation.save using <class 'matplotlib.animation.ImageMagickWriter'>
matplotlib.animation 2020-04-02 08:54:32,895 :: INFO :: MovieWriter.run: running command: ['convert', '-size', '640x480', '-depth', '8', '-delay', '100.0', '-loop', '0', 'rgba:-', 'DCConverter/LTM8067EY-PBF/celluloid_legends.gif']
Plotting 2020-04-02 08:54:47,229 :: INFO :: Plotting initialized
matplotlib.animation 2020-04-02 08:54:50,973 :: INFO :: Animation.save using <class 'matplotlib.animation.ImageMagickWriter'>
matplotlib.animation 2020-04-02 08:54:50,973 :: INFO :: MovieWriter.run: running command: ['convert', '-size', '640x480', '-depth', '8', '-delay', '100.0', '-loop', '0', 'rgba:-', 'DCConverter/LTM8067EY-PBF/celluloid_legends.gif']
Plotting 2020-04-02 08:55:03,907 :: INFO :: Plotting initialized
matplotlib.animation 2020-04-02 08:55:07,847 :: INFO :: Animation.save using <class 'matplotlib.animation.ImageMagickWriter'>
matplotlib.animation 2020-04-02 08:55:07,847 :: INFO :: MovieWriter.run: running command: ['convert', '-size', '640x480', '-depth', '8', '-delay', '100.0', '-loop', '0', 'rgba:-', 'DCConverter/LTM8067EY-PBF/celluloid_legends.gif']
Plotting 2020-04-02 08:55:16,082 :: INFO :: Plotting initialized
matplotlib.animation 2020-04-02 08:55:21,008 :: INFO :: Animation.save using <class 'matplotlib.animation.ImageMagickWriter'>
matplotlib.animation 2020-04-02 08:55:21,008 :: INFO :: MovieWriter.run: running command: ['convert', '-size', '640x480', '-depth', '8', '-delay', '100.0', '-loop', '0', 'rgba:-', 'DCConverter/LTM8067EY-PBF/celluloid_legends.gif']
Plotting 2020-04-02 08:55:30,485 :: INFO :: Plotting initialized
matplotlib.animation 2020-04-02 08:55:34,120 :: INFO :: Animation.save using <class 'matplotlib.animation.ImageMagickWriter'>
matplotlib.animation 2020-04-02 08:55:34,120 :: INFO :: MovieWriter.run: running command: ['convert', '-size', '640x480', '-depth', '8', '-delay', '100.0', '-loop', '0', 'rgba:-', 'DCConverter/LTM8067EY-PBF/celluloid_legends.gif']
Plotting 2020-04-02 20:13:54,976 :: INFO :: Plotting initialized
matplotlib.animation 2020-04-02 20:14:00,324 :: INFO :: Animation.save using <class 'matplotlib.animation.ImageMagickWriter'>
matplotlib.animation 2020-04-02 20:14:00,324 :: INFO :: MovieWriter.run: running command: ['convert', '-size', '640x480', '-depth', '8', '-delay', '100.0', '-loop', '0', 'rgba:-', 'DCConverter/LTM8067EY-PBF/celluloid_legends.gif']
Plotting 2020-04-02 20:15:35,404 :: INFO :: Plotting initialized
matplotlib.animation 2020-04-02 20:15:41,213 :: INFO :: Animation.save using <class 'matplotlib.animation.ImageMagickWriter'>
matplotlib.animation 2020-04-02 20:15:41,213 :: INFO :: MovieWriter.run: running command: ['convert', '-size', '640x480', '-depth', '8', '-delay', '100.0', '-loop', '0', 'rgba:-', 'DCConverter/LTM8067EY-PBF/celluloid_legends.gif']
Plotting 2020-04-02 20:17:34,953 :: INFO :: Plotting initialized
matplotlib.animation 2020-04-02 20:17:40,425 :: INFO :: Animation.save using <class 'matplotlib.animation.ImageMagickWriter'>
matplotlib.animation 2020-04-02 20:17:40,426 :: INFO :: MovieWriter.run: running command: ['convert', '-size', '640x480', '-depth', '8', '-delay', '100.0', '-loop', '0', 'rgba:-', 'DCConverter/LTM8067EY-PBF/celluloid_legends.gif']
Plotting 2020-04-02 20:17:49,359 :: INFO :: Plotting initialized
Plotting 2020-04-02 20:19:22,288 :: INFO :: Plotting initialized
Plotting 2020-04-02 20:22:04,001 :: INFO :: Plotting initialized
Plotting 2020-04-02 20:22:19,035 :: INFO :: Plotting initialized
Plotting 2020-04-02 20:24:42,649 :: INFO :: Plotting initialized
Plotting 2020-04-02 20:25:22,582 :: INFO :: Plotting initialized
matplotlib.animation 2020-04-02 20:25:27,076 :: INFO :: Animation.save using <class 'matplotlib.animation.ImageMagickWriter'>
matplotlib.animation 2020-04-02 20:25:27,077 :: INFO :: MovieWriter.run: running command: ['convert', '-size', '640x480', '-depth', '8', '-delay', '100.0', '-loop', '0', 'rgba:-', 'DCConverter/LTM8067EY-PBF/celluloid_legends.gif']
Plotting 2020-04-02 20:26:02,404 :: INFO :: Plotting initialized
matplotlib.animation 2020-04-02 20:26:07,132 :: INFO :: Animation.save using <class 'matplotlib.animation.ImageMagickWriter'>
matplotlib.animation 2020-04-02 20:26:07,133 :: INFO :: MovieWriter.run: running command: ['convert', '-size', '640x480', '-depth', '8', '-delay', '100.0', '-loop', '0', 'rgba:-', 'DCConverter/LTM8067EY-PBF/celluloid_legends.gif']
Plotting 2020-04-02 20:26:14,041 :: INFO :: Plotting initialized
matplotlib.animation 2020-04-02 20:26:19,032 :: INFO :: Animation.save using <class 'matplotlib.animation.ImageMagickWriter'>
matplotlib.animation 2020-04-02 20:26:19,032 :: INFO :: MovieWriter.run: running command: ['convert', '-size', '640x480', '-depth', '8', '-delay', '100.0', '-loop', '0', 'rgba:-', 'DCConverter/LTM8067EY-PBF/celluloid_legends.gif']
Plotting 2020-04-02 20:26:52,753 :: INFO :: Plotting initialized
matplotlib.animation 2020-04-02 20:26:58,310 :: INFO :: Animation.save using <class 'matplotlib.animation.ImageMagickWriter'>
matplotlib.animation 2020-04-02 20:26:58,310 :: INFO :: MovieWriter.run: running command: ['convert', '-size', '640x480', '-depth', '8', '-delay', '100.0', '-loop', '0', 'rgba:-', 'DCConverter/LTM8067EY-PBF/celluloid_legends.gif']
Plotting 2020-04-02 20:27:08,061 :: INFO :: Plotting initialized
matplotlib.animation 2020-04-02 20:27:12,654 :: INFO :: Animation.save using <class 'matplotlib.animation.ImageMagickWriter'>
matplotlib.animation 2020-04-02 20:27:12,655 :: INFO :: MovieWriter.run: running command: ['convert', '-size', '640x480', '-depth', '8', '-delay', '100.0', '-loop', '0', 'rgba:-', 'DCConverter/LTM8067EY-PBF/celluloid_legends.gif']
Plotting 2020-04-02 20:28:32,145 :: INFO :: Plotting initialized
matplotlib.animation 2020-04-02 20:28:36,861 :: INFO :: Animation.save using <class 'matplotlib.animation.ImageMagickWriter'>
matplotlib.animation 2020-04-02 20:28:36,861 :: INFO :: MovieWriter.run: running command: ['convert', '-size', '640x480', '-depth', '8', '-delay', '100.0', '-loop', '0', 'rgba:-', 'DCConverter/LTM8067EY-PBF/celluloid_legends.gif']
Plotting 2020-04-02 20:33:25,139 :: INFO :: Plotting initialized
matplotlib.animation 2020-04-02 20:33:30,039 :: INFO :: Animation.save using <class 'matplotlib.animation.ImageMagickWriter'>
matplotlib.animation 2020-04-02 20:33:30,039 :: INFO :: MovieWriter.run: running command: ['convert', '-size', '640x480', '-depth', '8', '-delay', '100.0', '-loop', '0', 'rgba:-', 'DCConverter/LTM8067EY-PBF/celluloid_legends.gif']
Plotting 2020-04-02 20:33:53,238 :: INFO :: Plotting initialized
matplotlib.animation 2020-04-02 20:33:57,828 :: INFO :: Animation.save using <class 'matplotlib.animation.ImageMagickWriter'>
matplotlib.animation 2020-04-02 20:33:57,828 :: INFO :: MovieWriter.run: running command: ['convert', '-size', '640x480', '-depth', '8', '-delay', '100.0', '-loop', '0', 'rgba:-', 'DCConverter/LTM8067EY-PBF/celluloid_legends.gif']
Plotting 2020-04-02 20:34:30,756 :: INFO :: Plotting initialized
matplotlib.animation 2020-04-02 20:34:35,707 :: INFO :: Animation.save using <class 'matplotlib.animation.ImageMagickWriter'>
matplotlib.animation 2020-04-02 20:34:35,708 :: INFO :: MovieWriter.run: running command: ['convert', '-size', '640x480', '-depth', '8', '-delay', '100.0', '-loop', '0', 'rgba:-', 'DCConverter/LTM8067EY-PBF/celluloid_legends.gif']
Plotting 2020-04-02 21:36:41,283 :: INFO :: Plotting initialized
Plotting 2020-04-02 21:39:02,860 :: INFO :: Plotting initialized
Plotting 2020-04-02 21:39:28,785 :: INFO :: Plotting initialized
Plotting 2020-04-02 21:40:37,474 :: INFO :: Plotting initialized
Plotting 2020-04-02 21:41:48,631 :: INFO :: Plotting initialized
matplotlib.animation 2020-04-02 21:41:53,798 :: INFO :: Animation.save using <class 'matplotlib.animation.ImageMagickWriter'>
matplotlib.animation 2020-04-02 21:41:53,798 :: INFO :: MovieWriter.run: running command: ['convert', '-size', '640x480', '-depth', '8', '-delay', '100.0', '-loop', '0', 'rgba:-', 'DCConverter/LTM8067EY-PBF/00_Animation_no_mops.gif']
Plotting 2020-04-02 21:44:25,529 :: INFO :: Plotting initialized
matplotlib.animation 2020-04-02 21:44:30,407 :: INFO :: Animation.save using <class 'matplotlib.animation.ImageMagickWriter'>
matplotlib.animation 2020-04-02 21:44:30,408 :: INFO :: MovieWriter.run: running command: ['convert', '-size', '640x480', '-depth', '8', '-delay', '100.0', '-loop', '0', 'rgba:-', 'DCConverter/LTM8067EY-PBF/00_Animation_no_mops.gif']
Plotting 2020-04-02 21:44:54,597 :: INFO :: Plotting initialized
matplotlib.animation 2020-04-02 21:45:00,151 :: INFO :: Animation.save using <class 'matplotlib.animation.ImageMagickWriter'>
matplotlib.animation 2020-04-02 21:45:00,152 :: INFO :: MovieWriter.run: running command: ['convert', '-size', '640x480', '-depth', '8', '-delay', '100.0', '-loop', '0', 'rgba:-', 'DCConverter/LTM8067EY-PBF/00_Animation_no_mops.gif']
Plotting 2020-04-02 21:45:11,569 :: INFO :: Plotting initialized
matplotlib.animation 2020-04-02 21:45:16,773 :: INFO :: Animation.save using <class 'matplotlib.animation.ImageMagickWriter'>
matplotlib.animation 2020-04-02 21:45:16,773 :: INFO :: MovieWriter.run: running command: ['convert', '-size', '640x480', '-depth', '8', '-delay', '100.0', '-loop', '0', 'rgba:-', 'DCConverter/LTM8067EY-PBF/00_Animation_no_mops.gif']
Plotting 2020-04-02 21:47:10,761 :: INFO :: Plotting initialized
matplotlib.animation 2020-04-02 21:47:16,303 :: INFO :: Animation.save using <class 'matplotlib.animation.ImageMagickWriter'>
matplotlib.animation 2020-04-02 21:47:16,304 :: INFO :: MovieWriter.run: running command: ['convert', '-size', '640x480', '-depth', '8', '-delay', '100.0', '-loop', '0', 'rgba:-', 'DCConverter/LTM8067EY-PBF/00_Animation_no_mops.gif']
Plotting 2020-04-02 21:50:39,444 :: INFO :: Plotting initialized
matplotlib.animation 2020-04-02 21:50:44,150 :: INFO :: Animation.save using <class 'matplotlib.animation.ImageMagickWriter'>
matplotlib.animation 2020-04-02 21:50:44,151 :: INFO :: MovieWriter.run: running command: ['convert', '-size', '640x480', '-depth', '8', '-delay', '100.0', '-loop', '0', 'rgba:-', 'DCConverter/LTM8067EY-PBF/00_Animation_no_mops.gif']
Plotting 2020-04-02 21:51:18,546 :: INFO :: Plotting initialized
matplotlib.animation 2020-04-02 21:51:23,162 :: INFO :: Animation.save using <class 'matplotlib.animation.ImageMagickWriter'>
matplotlib.animation 2020-04-02 21:51:23,162 :: INFO :: MovieWriter.run: running command: ['convert', '-size', '640x480', '-depth', '8', '-delay', '100.0', '-loop', '0', 'rgba:-', 'DCConverter/LTM8067EY-PBF/00_Animation_no_mops.gif']
Plotting 2020-04-02 23:54:18,036 :: INFO :: Plotting initialized
Plotting 2020-04-02 23:55:19,304 :: INFO :: Plotting initialized
matplotlib.animation 2020-04-02 23:55:24,232 :: INFO :: Animation.save using <class 'matplotlib.animation.ImageMagickWriter'>
matplotlib.animation 2020-04-02 23:55:24,233 :: INFO :: MovieWriter.run: running command: ['convert', '-size', '640x480', '-depth', '8', '-delay', '100.0', '-loop', '0', 'rgba:-', 'DCConverter/LTM8067EY-PBF/00_Animation_no_mops.gif']
Plotting 2020-04-02 23:56:23,851 :: INFO :: Plotting initialized
matplotlib.animation 2020-04-02 23:56:29,003 :: INFO :: Animation.save using <class 'matplotlib.animation.ImageMagickWriter'>
matplotlib.animation 2020-04-02 23:56:29,004 :: INFO :: MovieWriter.run: running command: ['convert', '-size', '640x480', '-depth', '8', '-delay', '100.0', '-loop', '0', 'rgba:-', 'DCConverter/LTM8067EY-PBF/00_Animation_no_mops.gif']
Plotting 2020-04-02 23:57:50,553 :: INFO :: Plotting initialized
matplotlib.animation 2020-04-02 23:57:56,112 :: INFO :: Animation.save using <class 'matplotlib.animation.ImageMagickWriter'>
matplotlib.animation 2020-04-02 23:57:56,112 :: INFO :: MovieWriter.run: running command: ['convert', '-size', '640x480', '-depth', '8', '-delay', '100.0', '-loop', '0', 'rgba:-', 'DCConverter/LTM8067EY-PBF/00_Animation_no_mops.gif']
Plotting 2020-04-02 23:58:24,602 :: INFO :: Plotting initialized
matplotlib.animation 2020-04-02 23:58:29,279 :: INFO :: Animation.save using <class 'matplotlib.animation.ImageMagickWriter'>
matplotlib.animation 2020-04-02 23:58:29,279 :: INFO :: MovieWriter.run: running command: ['convert', '-size', '640x480', '-depth', '8', '-delay', '100.0', '-loop', '0', 'rgba:-', 'DCConverter/LTM8067EY-PBF/00_Animation_no_mops.gif']
Plotting 2020-04-02 23:59:11,027 :: INFO :: Plotting initialized
matplotlib.animation 2020-04-02 23:59:15,811 :: INFO :: Animation.save using <class 'matplotlib.animation.ImageMagickWriter'>
matplotlib.animation 2020-04-02 23:59:15,811 :: INFO :: MovieWriter.run: running command: ['convert', '-size', '640x480', '-depth', '8', '-delay', '100.0', '-loop', '0', 'rgba:-', 'DCConverter/LTM8067EY-PBF/00_Animation_no_mops.gif']
Plotting 2020-04-02 23:59:33,691 :: INFO :: Plotting initialized
matplotlib.animation 2020-04-02 23:59:38,380 :: INFO :: Animation.save using <class 'matplotlib.animation.ImageMagickWriter'>
matplotlib.animation 2020-04-02 23:59:38,380 :: INFO :: MovieWriter.run: running command: ['convert', '-size', '640x480', '-depth', '8', '-delay', '100.0', '-loop', '0', 'rgba:-', 'DCConverter/LTM8067EY-PBF/00_Animation_no_mops.gif']
Plotting 2020-04-03 00:00:06,428 :: INFO :: Plotting initialized
matplotlib.animation 2020-04-03 00:00:11,447 :: INFO :: Animation.save using <class 'matplotlib.animation.ImageMagickWriter'>
matplotlib.animation 2020-04-03 00:00:11,447 :: INFO :: MovieWriter.run: running command: ['convert', '-size', '640x480', '-depth', '8', '-delay', '100.0', '-loop', '0', 'rgba:-', 'DCConverter/LTM8067EY-PBF/00_Animation_no_mops.gif']
