
########################################
# Fit performed on 2018-11-09 12:43:40 #
########################################

###########
# Dataset #
###########

# axis 0: Voltage (kV)
# datapoints
1.000000e+01
2.000000e+01
3.000000e+01
4.000000e+01
5.000000e+01

# axis 1: $Dose rate [$Mrad(sio_2)/hr$]$
# datapoints	uncor. err.
2.293679e-01	1.376208e-02
7.472567e-01	4.483540e-02
1.217260e+00	7.303560e-02
1.526102e+00	9.156612e-02
1.700140e+00	1.020084e-01


################
# Fit function #
################

quadratic_3par(x; quad_coeff, lin_coeff, constant) = quad_coeff * x^2 + lin_coeff * x + constant

##############
# Fit result #
##############

# value        error   correlations
# quad_coeff
-5.4352e-04  1.56e-04  
# lin_coeff
6.9867e-02  8.00e-03  -0.977  
# constant
-4.1560e-01  6.97e-02  +0.934  -0.978  

########################
# Final fit parameters #
########################

quad_coeff = -0.00054 +- 0.00016
lin_coeff = 0.0699 +- 0.008
constant = -0.416 +- 0.07

###############
# Fit details #
###############

USING    iminuit
FCN/ndf  0.341/2 = 0.171
EdM      1.14509e-19
UP       1
STA      Error matrix accurate

chi2prob 0.843
HYPTEST  accepted (sig. 5%)

