
########################################
# Fit performed on 2018-11-09 12:29:07 #
########################################

###########
# Dataset #
###########

# axis 0: $x$
# datapoints
1.000000e+01
2.000000e+01
3.000000e+01
4.000000e+01
5.000000e+01

# axis 1: $y=f(x)$
# datapoints	uncor. err.
3.692019e-01	2.215212e-02
1.426609e+00	8.559651e-02
2.382107e+00	1.429264e-01
3.008946e+00	1.805368e-01
3.360040e+00	2.016024e-01


################
# Fit function #
################

quadratic_3par(x; quad_coeff, lin_coeff, constant) = quad_coeff * x^2 + lin_coeff * x + constant

##############
# Fit result #
##############

# value        error   correlations
# quad_coeff
-1.1127e-03  3.01e-04  
# lin_coeff
1.4253e-01  1.53e-02  -0.977  
# constant
-9.4571e-01  1.31e-01  +0.941  -0.983  

########################
# Final fit parameters #
########################

quad_coeff = -0.00111 +- 0.0003
lin_coeff = 0.143 +- 0.015
constant = -0.95 +- 0.13

###############
# Fit details #
###############

USING    iminuit
FCN/ndf  0.364/2 = 0.182
EdM      1.04323e-17
UP       1
STA      Error matrix accurate

chi2prob 0.834
HYPTEST  accepted (sig. 5%)

