
########################################
# Fit performed on 2019-01-04 18:03:51 #
########################################

###########
# Dataset #
###########

# axis 0: Distance from the collimator holder(h) [cm]
# datapoints
5.500000e+00
7.500000e+00
1.050000e+01
1.250000e+01
1.450000e+01
1.750000e+01
1.850000e+01
3.200000e+01
4.200000e+01
4.600000e+01
5.550000e+01
6.300000e+01

# axis 1: $Dose rate [Mrad(sio_2)/hr]$
# datapoints	uncor. err.
4.194848e+00	4.298000e-02
3.133936e+00	3.211000e-02
2.020320e+00	2.070000e-02
1.514752e+00	1.552000e-02
1.269776e+00	1.301000e-02
9.057280e-01	9.280000e-03
7.524960e-01	7.710000e-03
2.693760e-01	2.760000e-03
1.717760e-01	1.760000e-03
1.464000e-01	1.500000e-03
9.174400e-02	9.400000e-04
6.344000e-02	6.500000e-04


################
# Fit function #
################

Inverse_square(self; x, a, b) = <expression not specified>

